{"numFailedTestSuites":7,"numFailedTests":25,"numPassedTestSuites":7,"numPassedTests":134,"numPendingTestSuites":0,"numPendingTests":0,"numRuntimeErrorTestSuites":0,"numTodoTests":0,"numTotalTestSuites":14,"numTotalTests":159,"openHandles":[],"snapshot":{"added":0,"didUpdate":false,"failure":false,"filesAdded":0,"filesRemoved":0,"filesRemovedList":[],"filesUnmatched":0,"filesUpdated":0,"matched":0,"total":0,"unchecked":0,"uncheckedKeysByFile":[],"unmatched":0,"updated":0},"startTime":1770228485585,"success":false,"testResults":[{"assertionResults":[{"ancestorTitles":["useEnvironments"],"duration":62,"failing":false,"failureDetails":[],"failureMessages":[],"fullName":"useEnvironments resolves aliases and installs with provider id","invocations":1,"location":null,"numPassingAsserts":2,"retryReasons":[],"startAt":1770228490302,"status":"passed","title":"resolves aliases and installs with provider id"},{"ancestorTitles":["useEnvironments"],"duration":11,"failing":false,"failureDetails":[],"failureMessages":[],"fullName":"useEnvironments saves environment settings via tauri and updates store","invocations":1,"location":null,"numPassingAsserts":2,"retryReasons":[],"startAt":1770228490364,"status":"passed","title":"saves environment settings via tauri and updates store"}],"endTime":1770228490383,"message":"","name":"D:\\Project\\CogniaLauncher\\lib\\hooks\\__tests__\\use-environments.test.ts","startTime":1770228488535,"status":"passed","summary":""},{"assertionResults":[{"ancestorTitles":["CardHeader"],"duration":73,"failing":false,"failureDetails":[],"failureMessages":[],"fullName":"CardHeader renders environment type as title","invocations":1,"location":null,"numPassingAsserts":1,"retryReasons":[],"startAt":1770228490707,"status":"passed","title":"renders environment type as title"},{"ancestorTitles":["CardHeader"],"duration":19,"failing":false,"failureDetails":[],"failureMessages":[],"fullName":"CardHeader capitalizes environment type","invocations":1,"location":null,"numPassingAsserts":1,"retryReasons":[],"startAt":1770228490781,"status":"passed","title":"capitalizes environment type"},{"ancestorTitles":["CardHeader"],"duration":10,"failing":false,"failureDetails":[],"failureMessages":[],"fullName":"CardHeader does not render detected version when not provided","invocations":1,"location":null,"numPassingAsserts":1,"retryReasons":[],"startAt":1770228490800,"status":"passed","title":"does not render detected version when not provided"},{"ancestorTitles":["CardHeader"],"duration":19,"failing":false,"failureDetails":[],"failureMessages":[],"fullName":"CardHeader renders detected version badge when provided","invocations":1,"location":null,"numPassingAsserts":1,"retryReasons":[],"startAt":1770228490810,"status":"passed","title":"renders detected version badge when provided"},{"ancestorTitles":["CardHeader"],"duration":12,"failing":false,"failureDetails":[],"failureMessages":[],"fullName":"CardHeader renders detected version with correct styling","invocations":1,"location":null,"numPassingAsserts":1,"retryReasons":[],"startAt":1770228490829,"status":"passed","title":"renders detected version with correct styling"},{"ancestorTitles":["CardHeader"],"duration":9,"failing":false,"failureDetails":[],"failureMessages":[],"fullName":"CardHeader renders title with correct styling","invocations":1,"location":null,"numPassingAsserts":2,"retryReasons":[],"startAt":1770228490841,"status":"passed","title":"renders title with correct styling"}],"endTime":1770228490852,"message":"","name":"D:\\Project\\CogniaLauncher\\components\\environments\\environment-card\\__tests__\\card-header.test.tsx","startTime":1770228488629,"status":"passed","summary":""},{"assertionResults":[{"ancestorTitles":["EnvironmentErrorBoundary"],"duration":82,"failing":false,"failureDetails":[],"failureMessages":[],"fullName":"EnvironmentErrorBoundary renders children when no error occurs","invocations":1,"location":null,"numPassingAsserts":1,"retryReasons":[],"startAt":1770228490541,"status":"passed","title":"renders children when no error occurs"},{"ancestorTitles":["EnvironmentErrorBoundary"],"duration":85,"failing":false,"failureDetails":[],"failureMessages":[],"fullName":"EnvironmentErrorBoundary renders fallback UI when error occurs","invocations":1,"location":null,"numPassingAsserts":2,"retryReasons":[],"startAt":1770228490624,"status":"passed","title":"renders fallback UI when error occurs"},{"ancestorTitles":["EnvironmentErrorBoundary"],"duration":14,"failing":false,"failureDetails":[],"failureMessages":[],"fullName":"EnvironmentErrorBoundary renders custom fallback title when provided","invocations":1,"location":null,"numPassingAsserts":1,"retryReasons":[],"startAt":1770228490709,"status":"passed","title":"renders custom fallback title when provided"},{"ancestorTitles":["EnvironmentErrorBoundary"],"duration":14,"failing":false,"failureDetails":[],"failureMessages":[],"fullName":"EnvironmentErrorBoundary renders custom fallback description when provided","invocations":1,"location":null,"numPassingAsserts":1,"retryReasons":[],"startAt":1770228490724,"status":"passed","title":"renders custom fallback description when provided"},{"ancestorTitles":["EnvironmentErrorBoundary"],"duration":18,"failing":false,"failureDetails":[],"failureMessages":[],"fullName":"EnvironmentErrorBoundary renders custom retry label when provided","invocations":1,"location":null,"numPassingAsserts":1,"retryReasons":[],"startAt":1770228490739,"status":"passed","title":"renders custom retry label when provided"},{"ancestorTitles":["EnvironmentErrorBoundary"],"duration":16,"failing":false,"failureDetails":[],"failureMessages":[],"fullName":"EnvironmentErrorBoundary displays error message in error state","invocations":1,"location":null,"numPassingAsserts":1,"retryReasons":[],"startAt":1770228490758,"status":"passed","title":"displays error message in error state"},{"ancestorTitles":["EnvironmentErrorBoundary"],"duration":19,"failing":false,"failureDetails":[],"failureMessages":[],"fullName":"EnvironmentErrorBoundary renders Try Again button","invocations":1,"location":null,"numPassingAsserts":1,"retryReasons":[],"startAt":1770228490774,"status":"passed","title":"renders Try Again button"},{"ancestorTitles":["EnvironmentErrorBoundary"],"duration":42,"failing":false,"failureDetails":[{"name":"TestingLibraryElementError"}],"failureMessages":["TestingLibraryElementError: Unable to find an element with the text: Child content. This could be because the text is broken up by multiple elements. In this case, you can provide a function for your text matcher to make your matcher more flexible.\n\nIgnored nodes: comments, script, style\n\u001b[36m<body>\u001b[39m\n  \u001b[36m<div>\u001b[39m\n    \u001b[36m<div\u001b[39m\n      \u001b[33mclass\u001b[39m=\u001b[32m\"text-card-foreground flex flex-col gap-6 rounded-xl border py-6 shadow-sm border-destructive/50 bg-destructive/5\"\u001b[39m\n      \u001b[33mdata-slot\u001b[39m=\u001b[32m\"card\"\u001b[39m\n    \u001b[36m>\u001b[39m\n      \u001b[36m<div\u001b[39m\n        \u001b[33mclass\u001b[39m=\u001b[32m\"@container/card-header grid auto-rows-min grid-rows-[auto_auto] items-start gap-2 px-6 has-data-[slot=card-action]:grid-cols-[1fr_auto] [.border-b]:pb-6 pb-3\"\u001b[39m\n        \u001b[33mdata-slot\u001b[39m=\u001b[32m\"card-header\"\u001b[39m\n      \u001b[36m>\u001b[39m\n        \u001b[36m<div\u001b[39m\n          \u001b[33mclass\u001b[39m=\u001b[32m\"flex items-center gap-2\"\u001b[39m\n        \u001b[36m>\u001b[39m\n          \u001b[36m<svg\u001b[39m\n            \u001b[33maria-hidden\u001b[39m=\u001b[32m\"true\"\u001b[39m\n            \u001b[33mclass\u001b[39m=\u001b[32m\"lucide lucide-circle-alert h-5 w-5 text-destructive\"\u001b[39m\n            \u001b[33mfill\u001b[39m=\u001b[32m\"none\"\u001b[39m\n            \u001b[33mheight\u001b[39m=\u001b[32m\"24\"\u001b[39m\n            \u001b[33mstroke\u001b[39m=\u001b[32m\"currentColor\"\u001b[39m\n            \u001b[33mstroke-linecap\u001b[39m=\u001b[32m\"round\"\u001b[39m\n            \u001b[33mstroke-linejoin\u001b[39m=\u001b[32m\"round\"\u001b[39m\n            \u001b[33mstroke-width\u001b[39m=\u001b[32m\"2\"\u001b[39m\n            \u001b[33mviewBox\u001b[39m=\u001b[32m\"0 0 24 24\"\u001b[39m\n            \u001b[33mwidth\u001b[39m=\u001b[32m\"24\"\u001b[39m\n            \u001b[33mxmlns\u001b[39m=\u001b[32m\"http://www.w3.org/2000/svg\"\u001b[39m\n          \u001b[36m>\u001b[39m\n            \u001b[36m<circle\u001b[39m\n              \u001b[33mcx\u001b[39m=\u001b[32m\"12\"\u001b[39m\n              \u001b[33mcy\u001b[39m=\u001b[32m\"12\"\u001b[39m\n              \u001b[33mr\u001b[39m=\u001b[32m\"10\"\u001b[39m\n            \u001b[36m/>\u001b[39m\n            \u001b[36m<line\u001b[39m\n              \u001b[33mx1\u001b[39m=\u001b[32m\"12\"\u001b[39m\n              \u001b[33mx2\u001b[39m=\u001b[32m\"12\"\u001b[39m\n              \u001b[33my1\u001b[39m=\u001b[32m\"8\"\u001b[39m\n              \u001b[33my2\u001b[39m=\u001b[32m\"12\"\u001b[39m\n            \u001b[36m/>\u001b[39m\n            \u001b[36m<line\u001b[39m\n              \u001b[33mx1\u001b[39m=\u001b[32m\"12\"\u001b[39m\n              \u001b[33mx2\u001b[39m=\u001b[32m\"12.01\"\u001b[39m\n              \u001b[33my1\u001b[39m=\u001b[32m\"16\"\u001b[39m\n              \u001b[33my2\u001b[39m=\u001b[32m\"16\"\u001b[39m\n            \u001b[36m/>\u001b[39m\n          \u001b[36m</svg>\u001b[39m\n          \u001b[36m<div\u001b[39m\n            \u001b[33mclass\u001b[39m=\u001b[32m\"font-semibold text-lg\"\u001b[39m\n            \u001b[33mdata-slot\u001b[39m=\u001b[32m\"card-title\"\u001b[39m\n          \u001b[36m>\u001b[39m\n            \u001b[0mSomething went wrong\u001b[0m\n          \u001b[36m</div>\u001b[39m\n        \u001b[36m</div>\u001b[39m\n        \u001b[36m<div\u001b[39m\n          \u001b[33mclass\u001b[39m=\u001b[32m\"text-muted-foreground text-sm\"\u001b[39m\n          \u001b[33mdata-slot\u001b[39m=\u001b[32m\"card-description\"\u001b[39m\n        \u001b[36m>\u001b[39m\n          \u001b[0mAn error occurred while loading this component. Please try again.\u001b[0m\n        \u001b[36m</div>\u001b[39m\n      \u001b[36m</div>\u001b[39m\n      \u001b[36m<div\u001b[39m\n        \u001b[33mclass\u001b[39m=\u001b[32m\"px-6 pt-0\"\u001b[39m\n        \u001b[33mdata-slot\u001b[39m=\u001b[32m\"card-content\"\u001b[39m\n      \u001b[36m>\u001b[39m\n        \u001b[36m<div\u001b[39m\n          \u001b[33mclass\u001b[39m=\u001b[32m\"space-y-3\"\u001b[39m\n        \u001b[36m>\u001b[39m\n          \u001b[36m<div\u001b[39m\n            \u001b[33mclass\u001b[39m=\u001b[32m\"p-3 rounded-md bg-muted/50 font-mono text-xs text-muted-foreground overflow-auto max-h-24\"\u001b[39m\n          \u001b[36m>\u001b[39m\n            \u001b[0mTest error message\u001b[0m\n          \u001b[36m</div>\u001b[39m\n          \u001b[36m<button\u001b[39m\n            \u001b[33mclass\u001b[39m=\u001b[32m\"inline-flex items-center justify-center whitespace-nowrap text-sm font-medium transition-all disabled:pointer-events-none disabled:opacity-50 [&_svg]:pointer-events-none [&_svg:not([class*='size-'])]:size-4 shrink-0 [&_svg]:shrink-0 outline-none focus-visible:border-ring focus-visible:ring-ring/50 focus-visible:ring-[3px] aria-invalid:ring-destructive/20 dark:aria-invalid:ring-destructive/40 aria-invalid:border-destructive border bg-background shadow-xs hover:bg-accent hover:text-accent-foreground dark:bg-input/30 dark:border-input dark:hover:bg-input/50 h-8 rounded-md px-3 has-[>svg]:px-2.5 gap-2\"\u001b[39m\n            \u001b[33mdata-size\u001b[39m=\u001b[32m\"sm\"\u001b[39m\n            \u001b[33mdata-slot\u001b[39m=\u001b[32m\"button\"\u001b[39m\n            \u001b[33mdata-variant\u001b[39m=\u001b[32m\"outline\"\u001b[39m\n          \u001b[36m>\u001b[39m\n            \u001b[36m<svg\u001b[39m\n              \u001b[33maria-hidden\u001b[39m=\u001b[32m\"true\"\u001b[39m\n              \u001b[33mclass\u001b[39m=\u001b[32m\"lucide lucide-refresh-cw h-4 w-4\"\u001b[39m\n              \u001b[33mfill\u001b[39m=\u001b[32m\"none\"\u001b[39m\n              \u001b[33mheight\u001b[39m=\u001b[32m\"24\"\u001b[39m\n              \u001b[33mstroke\u001b[39m=\u001b[32m\"currentColor\"\u001b[39m\n              \u001b[33mstroke-linecap\u001b[39m=\u001b[32m\"round\"\u001b[39m\n              \u001b[33mstroke-linejoin\u001b[39m=\u001b[32m\"round\"\u001b[39m\n              \u001b[33mstroke-width\u001b[39m=\u001b[32m\"2\"\u001b[39m\n              \u001b[33mviewBox\u001b[39m=\u001b[32m\"0 0 24 24\"\u001b[39m\n              \u001b[33mwidth\u001b[39m=\u001b[32m\"24\"\u001b[39m\n              \u001b[33mxmlns\u001b[39m=\u001b[32m\"http://www.w3.org/2000/svg\"\u001b[39m\n            \u001b[36m>\u001b[39m\n              \u001b[36m<path\u001b[39m\n                \u001b[33md\u001b[39m=\u001b[32m\"M3 12a9 9 0 0 1 9-9 9.75 9.75 0 0 1 6.74 2.74L21 8\"\u001b[39m\n              \u001b[36m/>\u001b[39m\n              \u001b[36m<path\u001b[39m\n                \u001b[33md\u001b[39m=\u001b[32m\"M21 3v5h-5\"\u001b[39m\n              \u001b[36m/>\u001b[39m\n              \u001b[36m<path\u001b[39m\n                \u001b[33md\u001b[39m=\u001b[32m\"M21 12a9 9 0 0 1-9 9 9.75 9.75 0 0 1-6.74-2.74L3 16\"\u001b[39m\n              \u001b[36m/>\u001b[39m\n              \u001b[36m<path\u001b[39m\n                \u001b[33md\u001b[39m=\u001b[32m\"M8 16H3v5\"\u001b[39m\n              \u001b[36m/>\u001b[39m\n            \u001b[36m</svg>\u001b[39m\n            \u001b[0mTry Again\u001b[0m\n          \u001b[36m</button>\u001b[39m\n        \u001b[36m</div>\u001b[39m\n      \u001b[36m</div>\u001b[39m\n    \u001b[36m</div>\u001b[39m\n  \u001b[36m</div>\u001b[39m\n\u001b[36m</body>\u001b[39m\n    at Object.getElementError (D:\\Project\\CogniaLauncher\\node_modules\\.pnpm\\@testing-library+dom@10.4.1\\node_modules\\@testing-library\\dom\\dist\\config.js:37:19)\n    at D:\\Project\\CogniaLauncher\\node_modules\\.pnpm\\@testing-library+dom@10.4.1\\node_modules\\@testing-library\\dom\\dist\\query-helpers.js:76:38\n    at D:\\Project\\CogniaLauncher\\node_modules\\.pnpm\\@testing-library+dom@10.4.1\\node_modules\\@testing-library\\dom\\dist\\query-helpers.js:52:17\n    at D:\\Project\\CogniaLauncher\\node_modules\\.pnpm\\@testing-library+dom@10.4.1\\node_modules\\@testing-library\\dom\\dist\\query-helpers.js:95:19\n    at Object.getByText (D:\\Project\\CogniaLauncher\\components\\environments\\__tests__\\environment-error-boundary.test.tsx:109:19)\n    at Promise.finally.completed (D:\\Project\\CogniaLauncher\\node_modules\\.pnpm\\jest-circus@30.2.0\\node_modules\\jest-circus\\build\\jestAdapterInit.js:1557:28)\n    at new Promise (<anonymous>)\n    at callAsyncCircusFn (D:\\Project\\CogniaLauncher\\node_modules\\.pnpm\\jest-circus@30.2.0\\node_modules\\jest-circus\\build\\jestAdapterInit.js:1497:10)\n    at _callCircusTest (D:\\Project\\CogniaLauncher\\node_modules\\.pnpm\\jest-circus@30.2.0\\node_modules\\jest-circus\\build\\jestAdapterInit.js:1007:40)\n    at processTicksAndRejections (node:internal/process/task_queues:105:5)\n    at _runTest (D:\\Project\\CogniaLauncher\\node_modules\\.pnpm\\jest-circus@30.2.0\\node_modules\\jest-circus\\build\\jestAdapterInit.js:947:3)\n    at D:\\Project\\CogniaLauncher\\node_modules\\.pnpm\\jest-circus@30.2.0\\node_modules\\jest-circus\\build\\jestAdapterInit.js:849:7\n    at _runTestsForDescribeBlock (D:\\Project\\CogniaLauncher\\node_modules\\.pnpm\\jest-circus@30.2.0\\node_modules\\jest-circus\\build\\jestAdapterInit.js:862:11)\n    at _runTestsForDescribeBlock (D:\\Project\\CogniaLauncher\\node_modules\\.pnpm\\jest-circus@30.2.0\\node_modules\\jest-circus\\build\\jestAdapterInit.js:857:11)\n    at run (D:\\Project\\CogniaLauncher\\node_modules\\.pnpm\\jest-circus@30.2.0\\node_modules\\jest-circus\\build\\jestAdapterInit.js:761:3)\n    at runAndTransformResultsToJestFormat (D:\\Project\\CogniaLauncher\\node_modules\\.pnpm\\jest-circus@30.2.0\\node_modules\\jest-circus\\build\\jestAdapterInit.js:1918:21)\n    at jestAdapter (D:\\Project\\CogniaLauncher\\node_modules\\.pnpm\\jest-circus@30.2.0\\node_modules\\jest-circus\\build\\runner.js:101:19)\n    at runTestInternal (D:\\Project\\CogniaLauncher\\node_modules\\.pnpm\\jest-runner@30.2.0\\node_modules\\jest-runner\\build\\testWorker.js:275:16)\n    at runTest (D:\\Project\\CogniaLauncher\\node_modules\\.pnpm\\jest-runner@30.2.0\\node_modules\\jest-runner\\build\\testWorker.js:343:7)\n    at Object.worker (D:\\Project\\CogniaLauncher\\node_modules\\.pnpm\\jest-runner@30.2.0\\node_modules\\jest-runner\\build\\testWorker.js:497:12)"],"fullName":"EnvironmentErrorBoundary retries rendering children when retry button is clicked","invocations":1,"location":null,"numPassingAsserts":1,"retryReasons":[],"startAt":1770228490794,"status":"failed","title":"retries rendering children when retry button is clicked"},{"ancestorTitles":["EnvironmentErrorBoundary"],"duration":30,"failing":false,"failureDetails":[],"failureMessages":[],"fullName":"EnvironmentErrorBoundary has destructive styling for error card","invocations":1,"location":null,"numPassingAsserts":1,"retryReasons":[],"startAt":1770228490847,"status":"passed","title":"has destructive styling for error card"},{"ancestorTitles":["EnvironmentCardErrorBoundary"],"duration":7,"failing":false,"failureDetails":[],"failureMessages":[],"fullName":"EnvironmentCardErrorBoundary renders children when no error occurs","invocations":1,"location":null,"numPassingAsserts":1,"retryReasons":[],"startAt":1770228490879,"status":"passed","title":"renders children when no error occurs"},{"ancestorTitles":["EnvironmentCardErrorBoundary"],"duration":27,"failing":false,"failureDetails":[],"failureMessages":[],"fullName":"EnvironmentCardErrorBoundary renders fallback with environment type when error occurs","invocations":1,"location":null,"numPassingAsserts":2,"retryReasons":[],"startAt":1770228490887,"status":"passed","title":"renders fallback with environment type when error occurs"},{"ancestorTitles":["EnvironmentCardErrorBoundary"],"duration":14,"failing":false,"failureDetails":[],"failureMessages":[],"fullName":"EnvironmentCardErrorBoundary uses translation function when provided","invocations":1,"location":null,"numPassingAsserts":3,"retryReasons":[],"startAt":1770228490914,"status":"passed","title":"uses translation function when provided"},{"ancestorTitles":["EnvironmentCardErrorBoundary"],"duration":11,"failing":false,"failureDetails":[],"failureMessages":[],"fullName":"EnvironmentCardErrorBoundary falls back to English when translation function is not provided","invocations":1,"location":null,"numPassingAsserts":1,"retryReasons":[],"startAt":1770228490928,"status":"passed","title":"falls back to English when translation function is not provided"},{"ancestorTitles":["EnvironmentCardErrorBoundary"],"duration":25,"failing":false,"failureDetails":[],"failureMessages":[],"fullName":"EnvironmentCardErrorBoundary isolates error to single card","invocations":1,"location":null,"numPassingAsserts":2,"retryReasons":[],"startAt":1770228490939,"status":"passed","title":"isolates error to single card"}],"endTime":1770228491013,"message":"\u001b[1m\u001b[31m  \u001b[1m● \u001b[22m\u001b[1mEnvironmentErrorBoundary › retries rendering children when retry button is clicked\u001b[39m\u001b[22m\n\n    TestingLibraryElementError: Unable to find an element with the text: Child content. This could be because the text is broken up by multiple elements. In this case, you can provide a function for your text matcher to make your matcher more flexible.\n\n    Ignored nodes: comments, script, style\n    \u001b[36m<body>\u001b[39m\n      \u001b[36m<div>\u001b[39m\n        \u001b[36m<div\u001b[39m\n          \u001b[33mclass\u001b[39m=\u001b[32m\"text-card-foreground flex flex-col gap-6 rounded-xl border py-6 shadow-sm border-destructive/50 bg-destructive/5\"\u001b[39m\n          \u001b[33mdata-slot\u001b[39m=\u001b[32m\"card\"\u001b[39m\n        \u001b[36m>\u001b[39m\n          \u001b[36m<div\u001b[39m\n            \u001b[33mclass\u001b[39m=\u001b[32m\"@container/card-header grid auto-rows-min grid-rows-[auto_auto] items-start gap-2 px-6 has-data-[slot=card-action]:grid-cols-[1fr_auto] [.border-b]:pb-6 pb-3\"\u001b[39m\n            \u001b[33mdata-slot\u001b[39m=\u001b[32m\"card-header\"\u001b[39m\n          \u001b[36m>\u001b[39m\n            \u001b[36m<div\u001b[39m\n              \u001b[33mclass\u001b[39m=\u001b[32m\"flex items-center gap-2\"\u001b[39m\n            \u001b[36m>\u001b[39m\n              \u001b[36m<svg\u001b[39m\n                \u001b[33maria-hidden\u001b[39m=\u001b[32m\"true\"\u001b[39m\n                \u001b[33mclass\u001b[39m=\u001b[32m\"lucide lucide-circle-alert h-5 w-5 text-destructive\"\u001b[39m\n                \u001b[33mfill\u001b[39m=\u001b[32m\"none\"\u001b[39m\n                \u001b[33mheight\u001b[39m=\u001b[32m\"24\"\u001b[39m\n                \u001b[33mstroke\u001b[39m=\u001b[32m\"currentColor\"\u001b[39m\n                \u001b[33mstroke-linecap\u001b[39m=\u001b[32m\"round\"\u001b[39m\n                \u001b[33mstroke-linejoin\u001b[39m=\u001b[32m\"round\"\u001b[39m\n                \u001b[33mstroke-width\u001b[39m=\u001b[32m\"2\"\u001b[39m\n                \u001b[33mviewBox\u001b[39m=\u001b[32m\"0 0 24 24\"\u001b[39m\n                \u001b[33mwidth\u001b[39m=\u001b[32m\"24\"\u001b[39m\n                \u001b[33mxmlns\u001b[39m=\u001b[32m\"http://www.w3.org/2000/svg\"\u001b[39m\n              \u001b[36m>\u001b[39m\n                \u001b[36m<circle\u001b[39m\n                  \u001b[33mcx\u001b[39m=\u001b[32m\"12\"\u001b[39m\n                  \u001b[33mcy\u001b[39m=\u001b[32m\"12\"\u001b[39m\n                  \u001b[33mr\u001b[39m=\u001b[32m\"10\"\u001b[39m\n                \u001b[36m/>\u001b[39m\n                \u001b[36m<line\u001b[39m\n                  \u001b[33mx1\u001b[39m=\u001b[32m\"12\"\u001b[39m\n                  \u001b[33mx2\u001b[39m=\u001b[32m\"12\"\u001b[39m\n                  \u001b[33my1\u001b[39m=\u001b[32m\"8\"\u001b[39m\n                  \u001b[33my2\u001b[39m=\u001b[32m\"12\"\u001b[39m\n                \u001b[36m/>\u001b[39m\n                \u001b[36m<line\u001b[39m\n                  \u001b[33mx1\u001b[39m=\u001b[32m\"12\"\u001b[39m\n                  \u001b[33mx2\u001b[39m=\u001b[32m\"12.01\"\u001b[39m\n                  \u001b[33my1\u001b[39m=\u001b[32m\"16\"\u001b[39m\n                  \u001b[33my2\u001b[39m=\u001b[32m\"16\"\u001b[39m\n                \u001b[36m/>\u001b[39m\n              \u001b[36m</svg>\u001b[39m\n              \u001b[36m<div\u001b[39m\n                \u001b[33mclass\u001b[39m=\u001b[32m\"font-semibold text-lg\"\u001b[39m\n                \u001b[33mdata-slot\u001b[39m=\u001b[32m\"card-title\"\u001b[39m\n              \u001b[36m>\u001b[39m\n                \u001b[0mSomething went wrong\u001b[0m\n              \u001b[36m</div>\u001b[39m\n            \u001b[36m</div>\u001b[39m\n            \u001b[36m<div\u001b[39m\n              \u001b[33mclass\u001b[39m=\u001b[32m\"text-muted-foreground text-sm\"\u001b[39m\n              \u001b[33mdata-slot\u001b[39m=\u001b[32m\"card-description\"\u001b[39m\n            \u001b[36m>\u001b[39m\n              \u001b[0mAn error occurred while loading this component. Please try again.\u001b[0m\n            \u001b[36m</div>\u001b[39m\n          \u001b[36m</div>\u001b[39m\n          \u001b[36m<div\u001b[39m\n            \u001b[33mclass\u001b[39m=\u001b[32m\"px-6 pt-0\"\u001b[39m\n            \u001b[33mdata-slot\u001b[39m=\u001b[32m\"card-content\"\u001b[39m\n          \u001b[36m>\u001b[39m\n            \u001b[36m<div\u001b[39m\n              \u001b[33mclass\u001b[39m=\u001b[32m\"space-y-3\"\u001b[39m\n            \u001b[36m>\u001b[39m\n              \u001b[36m<div\u001b[39m\n                \u001b[33mclass\u001b[39m=\u001b[32m\"p-3 rounded-md bg-muted/50 font-mono text-xs text-muted-foreground overflow-auto max-h-24\"\u001b[39m\n              \u001b[36m>\u001b[39m\n                \u001b[0mTest error message\u001b[0m\n              \u001b[36m</div>\u001b[39m\n              \u001b[36m<button\u001b[39m\n                \u001b[33mclass\u001b[39m=\u001b[32m\"inline-flex items-center justify-center whitespace-nowrap text-sm font-medium transition-all disabled:pointer-events-none disabled:opacity-50 [&_svg]:pointer-events-none [&_svg:not([class*='size-'])]:size-4 shrink-0 [&_svg]:shrink-0 outline-none focus-visible:border-ring focus-visible:ring-ring/50 focus-visible:ring-[3px] aria-invalid:ring-destructive/20 dark:aria-invalid:ring-destructive/40 aria-invalid:border-destructive border bg-background shadow-xs hover:bg-accent hover:text-accent-foreground dark:bg-input/30 dark:border-input dark:hover:bg-input/50 h-8 rounded-md px-3 has-[>svg]:px-2.5 gap-2\"\u001b[39m\n                \u001b[33mdata-size\u001b[39m=\u001b[32m\"sm\"\u001b[39m\n                \u001b[33mdata-slot\u001b[39m=\u001b[32m\"button\"\u001b[39m\n                \u001b[33mdata-variant\u001b[39m=\u001b[32m\"outline\"\u001b[39m\n              \u001b[36m>\u001b[39m\n                \u001b[36m<svg\u001b[39m\n                  \u001b[33maria-hidden\u001b[39m=\u001b[32m\"true\"\u001b[39m\n                  \u001b[33mclass\u001b[39m=\u001b[32m\"lucide lucide-refresh-cw h-4 w-4\"\u001b[39m\n                  \u001b[33mfill\u001b[39m=\u001b[32m\"none\"\u001b[39m\n                  \u001b[33mheight\u001b[39m=\u001b[32m\"24\"\u001b[39m\n                  \u001b[33mstroke\u001b[39m=\u001b[32m\"currentColor\"\u001b[39m\n                  \u001b[33mstroke-linecap\u001b[39m=\u001b[32m\"round\"\u001b[39m\n                  \u001b[33mstroke-linejoin\u001b[39m=\u001b[32m\"round\"\u001b[39m\n                  \u001b[33mstroke-width\u001b[39m=\u001b[32m\"2\"\u001b[39m\n                  \u001b[33mviewBox\u001b[39m=\u001b[32m\"0 0 24 24\"\u001b[39m\n                  \u001b[33mwidth\u001b[39m=\u001b[32m\"24\"\u001b[39m\n                  \u001b[33mxmlns\u001b[39m=\u001b[32m\"http://www.w3.org/2000/svg\"\u001b[39m\n                \u001b[36m>\u001b[39m\n                  \u001b[36m<path\u001b[39m\n                    \u001b[33md\u001b[39m=\u001b[32m\"M3 12a9 9 0 0 1 9-9 9.75 9.75 0 0 1 6.74 2.74L21 8\"\u001b[39m\n                  \u001b[36m/>\u001b[39m\n                  \u001b[36m<path\u001b[39m\n                    \u001b[33md\u001b[39m=\u001b[32m\"M21 3v5h-5\"\u001b[39m\n                  \u001b[36m/>\u001b[39m\n                  \u001b[36m<path\u001b[39m\n                    \u001b[33md\u001b[39m=\u001b[32m\"M21 12a9 9 0 0 1-9 9 9.75 9.75 0 0 1-6.74-2.74L3 16\"\u001b[39m\n                  \u001b[36m/>\u001b[39m\n                  \u001b[36m<path\u001b[39m\n                    \u001b[33md\u001b[39m=\u001b[32m\"M8 16H3v5\"\u001b[39m\n                  \u001b[36m/>\u001b[39m\n                \u001b[36m</svg>\u001b[39m\n                \u001b[0mTry Again\u001b[0m\n              \u001b[36m</button>\u001b[39m\n            \u001b[36m</div>\u001b[39m\n          \u001b[36m</div>\u001b[39m\n        \u001b[36m</div>\u001b[39m\n      \u001b[36m</div>\u001b[39m\n    \u001b[36m</body>\u001b[39m\n\u001b[2m\u001b[22m\n\u001b[2m    \u001b[0m \u001b[90m 107 |\u001b[39m     )\u001b[33m;\u001b[39m\u001b[22m\n\u001b[2m     \u001b[90m 108 |\u001b[39m\u001b[22m\n\u001b[2m    \u001b[31m\u001b[1m>\u001b[22m\u001b[2m\u001b[39m\u001b[90m 109 |\u001b[39m     expect(screen\u001b[33m.\u001b[39mgetByText(\u001b[32m'Child content'\u001b[39m))\u001b[33m.\u001b[39mtoBeInTheDocument()\u001b[33m;\u001b[39m\u001b[22m\n\u001b[2m     \u001b[90m     |\u001b[39m                   \u001b[31m\u001b[1m^\u001b[22m\u001b[2m\u001b[39m\u001b[22m\n\u001b[2m     \u001b[90m 110 |\u001b[39m   })\u001b[33m;\u001b[39m\u001b[22m\n\u001b[2m     \u001b[90m 111 |\u001b[39m\u001b[22m\n\u001b[2m     \u001b[90m 112 |\u001b[39m   it(\u001b[32m'has destructive styling for error card'\u001b[39m\u001b[33m,\u001b[39m () \u001b[33m=>\u001b[39m {\u001b[0m\u001b[22m\n\u001b[2m\u001b[22m\n\u001b[2m      \u001b[2mat Object.getElementError (\u001b[22m\u001b[2mnode_modules/.pnpm/@testing-library+dom@10.4.1/node_modules/@testing-library/dom/dist/config.js\u001b[2m:37:19)\u001b[22m\u001b[2m\u001b[22m\n\u001b[2m      \u001b[2mat \u001b[22m\u001b[2mnode_modules/.pnpm/@testing-library+dom@10.4.1/node_modules/@testing-library/dom/dist/query-helpers.js\u001b[2m:76:38\u001b[22m\u001b[2m\u001b[22m\n\u001b[2m      \u001b[2mat \u001b[22m\u001b[2mnode_modules/.pnpm/@testing-library+dom@10.4.1/node_modules/@testing-library/dom/dist/query-helpers.js\u001b[2m:52:17\u001b[22m\u001b[2m\u001b[22m\n\u001b[2m      \u001b[2mat \u001b[22m\u001b[2mnode_modules/.pnpm/@testing-library+dom@10.4.1/node_modules/@testing-library/dom/dist/query-helpers.js\u001b[2m:95:19\u001b[22m\u001b[2m\u001b[22m\n\u001b[2m      \u001b[2mat Object.getByText (\u001b[22m\u001b[2m\u001b[0m\u001b[36mcomponents/environments/__tests__/environment-error-boundary.test.tsx\u001b[39m\u001b[0m\u001b[2m:109:19)\u001b[22m\u001b[2m\u001b[22m\n","name":"D:\\Project\\CogniaLauncher\\components\\environments\\__tests__\\environment-error-boundary.test.tsx","startTime":1770228488571,"status":"failed","summary":""},{"assertionResults":[{"ancestorTitles":["InstalledVersions"],"duration":74,"failing":false,"failureDetails":[],"failureMessages":[],"fullName":"InstalledVersions renders not installed message when no versions","invocations":1,"location":null,"numPassingAsserts":1,"retryReasons":[],"startAt":1770228490843,"status":"passed","title":"renders not installed message when no versions"},{"ancestorTitles":["InstalledVersions"],"duration":71,"failing":false,"failureDetails":[],"failureMessages":[],"fullName":"InstalledVersions renders all version badges","invocations":1,"location":null,"numPassingAsserts":2,"retryReasons":[],"startAt":1770228490918,"status":"passed","title":"renders all version badges"},{"ancestorTitles":["InstalledVersions"],"duration":13,"failing":false,"failureDetails":[],"failureMessages":[],"fullName":"InstalledVersions highlights current version with default variant","invocations":1,"location":null,"numPassingAsserts":1,"retryReasons":[],"startAt":1770228490990,"status":"passed","title":"highlights current version with default variant"},{"ancestorTitles":["InstalledVersions"],"duration":16,"failing":false,"failureDetails":[],"failureMessages":[],"fullName":"InstalledVersions calls onSetGlobal when version badge is clicked","invocations":1,"location":null,"numPassingAsserts":1,"retryReasons":[],"startAt":1770228491003,"status":"passed","title":"calls onSetGlobal when version badge is clicked"},{"ancestorTitles":["InstalledVersions"],"duration":12,"failing":false,"failureDetails":[],"failureMessages":[],"fullName":"InstalledVersions renders check icon for current version","invocations":1,"location":null,"numPassingAsserts":1,"retryReasons":[],"startAt":1770228491019,"status":"passed","title":"renders check icon for current version"},{"ancestorTitles":["InstalledVersions"],"duration":14,"failing":false,"failureDetails":[],"failureMessages":[],"fullName":"InstalledVersions renders version badges with correct styling","invocations":1,"location":null,"numPassingAsserts":1,"retryReasons":[],"startAt":1770228491032,"status":"passed","title":"renders version badges with correct styling"},{"ancestorTitles":["InstalledVersions"],"duration":8,"failing":false,"failureDetails":[],"failureMessages":[],"fullName":"InstalledVersions handles null currentVersion","invocations":1,"location":null,"numPassingAsserts":2,"retryReasons":[],"startAt":1770228491046,"status":"passed","title":"handles null currentVersion"},{"ancestorTitles":["InstalledVersions"],"duration":13,"failing":false,"failureDetails":[],"failureMessages":[],"fullName":"InstalledVersions renders size in tooltip","invocations":1,"location":null,"numPassingAsserts":1,"retryReasons":[],"startAt":1770228491055,"status":"passed","title":"renders size in tooltip"},{"ancestorTitles":["InstalledVersions"],"duration":7,"failing":false,"failureDetails":[],"failureMessages":[],"fullName":"InstalledVersions handles version with null size","invocations":1,"location":null,"numPassingAsserts":1,"retryReasons":[],"startAt":1770228491069,"status":"passed","title":"handles version with null size"},{"ancestorTitles":["InstalledVersions"],"duration":7,"failing":false,"failureDetails":[],"failureMessages":[],"fullName":"InstalledVersions handles version with null installed_at","invocations":1,"location":null,"numPassingAsserts":1,"retryReasons":[],"startAt":1770228491076,"status":"passed","title":"handles version with null installed_at"}],"endTime":1770228491085,"message":"","name":"D:\\Project\\CogniaLauncher\\components\\environments\\environment-card\\__tests__\\installed-versions.test.tsx","startTime":1770228488617,"status":"passed","summary":""},{"assertionResults":[{"ancestorTitles":["CardActions"],"duration":111,"failing":false,"failureDetails":[],"failureMessages":[],"fullName":"CardActions renders browse versions button","invocations":1,"location":null,"numPassingAsserts":1,"retryReasons":[],"startAt":1770228490835,"status":"passed","title":"renders browse versions button"},{"ancestorTitles":["CardActions"],"duration":14,"failing":false,"failureDetails":[],"failureMessages":[],"fullName":"CardActions renders view details button","invocations":1,"location":null,"numPassingAsserts":1,"retryReasons":[],"startAt":1770228490948,"status":"passed","title":"renders view details button"},{"ancestorTitles":["CardActions"],"duration":24,"failing":false,"failureDetails":[],"failureMessages":[],"fullName":"CardActions calls onBrowseVersions when browse versions button is clicked","invocations":1,"location":null,"numPassingAsserts":1,"retryReasons":[],"startAt":1770228490963,"status":"passed","title":"calls onBrowseVersions when browse versions button is clicked"},{"ancestorTitles":["CardActions"],"duration":10,"failing":false,"failureDetails":[],"failureMessages":[],"fullName":"CardActions calls onViewDetails when view details button is clicked","invocations":1,"location":null,"numPassingAsserts":1,"retryReasons":[],"startAt":1770228490988,"status":"passed","title":"calls onViewDetails when view details button is clicked"},{"ancestorTitles":["CardActions"],"duration":86,"failing":false,"failureDetails":[],"failureMessages":[],"fullName":"CardActions renders buttons with outline variant","invocations":1,"location":null,"numPassingAsserts":1,"retryReasons":[],"startAt":1770228490998,"status":"passed","title":"renders buttons with outline variant"},{"ancestorTitles":["CardActions"],"duration":13,"failing":false,"failureDetails":[],"failureMessages":[],"fullName":"CardActions renders buttons in a flex container","invocations":1,"location":null,"numPassingAsserts":1,"retryReasons":[],"startAt":1770228491084,"status":"passed","title":"renders buttons in a flex container"}],"endTime":1770228491101,"message":"","name":"D:\\Project\\CogniaLauncher\\components\\environments\\environment-card\\__tests__\\card-actions.test.tsx","startTime":1770228488744,"status":"passed","summary":""},{"assertionResults":[{"ancestorTitles":["EmptyState"],"duration":106,"failing":false,"failureDetails":[],"failureMessages":[],"fullName":"EmptyState renders empty state title","invocations":1,"location":null,"numPassingAsserts":1,"retryReasons":[],"startAt":1770228490830,"status":"passed","title":"renders empty state title"},{"ancestorTitles":["EmptyState"],"duration":19,"failing":false,"failureDetails":[],"failureMessages":[],"fullName":"EmptyState renders empty state description","invocations":1,"location":null,"numPassingAsserts":1,"retryReasons":[],"startAt":1770228490937,"status":"passed","title":"renders empty state description"},{"ancestorTitles":["EmptyState"],"duration":27,"failing":false,"failureDetails":[],"failureMessages":[],"fullName":"EmptyState renders add environment button","invocations":1,"location":null,"numPassingAsserts":1,"retryReasons":[],"startAt":1770228490956,"status":"passed","title":"renders add environment button"},{"ancestorTitles":["EmptyState"],"duration":26,"failing":false,"failureDetails":[],"failureMessages":[],"fullName":"EmptyState calls onAddEnvironment when button is clicked","invocations":1,"location":null,"numPassingAsserts":1,"retryReasons":[],"startAt":1770228490983,"status":"passed","title":"calls onAddEnvironment when button is clicked"},{"ancestorTitles":["EmptyState"],"duration":25,"failing":false,"failureDetails":[],"failureMessages":[],"fullName":"EmptyState renders feature cards","invocations":1,"location":null,"numPassingAsserts":3,"retryReasons":[],"startAt":1770228491009,"status":"passed","title":"renders feature cards"},{"ancestorTitles":["EmptyState"],"duration":22,"failing":false,"failureDetails":[],"failureMessages":[],"fullName":"EmptyState renders feature descriptions","invocations":1,"location":null,"numPassingAsserts":3,"retryReasons":[],"startAt":1770228491034,"status":"passed","title":"renders feature descriptions"},{"ancestorTitles":["EmptyState"],"duration":15,"failing":false,"failureDetails":[],"failureMessages":[],"fullName":"EmptyState renders illustration icons","invocations":1,"location":null,"numPassingAsserts":1,"retryReasons":[],"startAt":1770228491057,"status":"passed","title":"renders illustration icons"},{"ancestorTitles":["EmptyState"],"duration":21,"failing":false,"failureDetails":[],"failureMessages":[],"fullName":"EmptyState has correct structure with card component","invocations":1,"location":null,"numPassingAsserts":1,"retryReasons":[],"startAt":1770228491073,"status":"passed","title":"has correct structure with card component"},{"ancestorTitles":["EmptyState"],"duration":15,"failing":false,"failureDetails":[],"failureMessages":[],"fullName":"EmptyState renders three feature cards","invocations":1,"location":null,"numPassingAsserts":1,"retryReasons":[],"startAt":1770228491094,"status":"passed","title":"renders three feature cards"}],"endTime":1770228491112,"message":"","name":"D:\\Project\\CogniaLauncher\\components\\environments\\__tests__\\empty-state.test.tsx","startTime":1770228488593,"status":"passed","summary":""},{"assertionResults":[{"ancestorTitles":["EnvironmentToolbar"],"duration":210,"failing":false,"failureDetails":[],"failureMessages":[],"fullName":"EnvironmentToolbar renders search input","invocations":1,"location":null,"numPassingAsserts":1,"retryReasons":[],"startAt":1770228490888,"status":"passed","title":"renders search input"},{"ancestorTitles":["EnvironmentToolbar"],"duration":85,"failing":false,"failureDetails":[],"failureMessages":[],"fullName":"EnvironmentToolbar renders refresh button","invocations":1,"location":null,"numPassingAsserts":1,"retryReasons":[],"startAt":1770228491099,"status":"passed","title":"renders refresh button"},{"ancestorTitles":["EnvironmentToolbar"],"duration":71,"failing":false,"failureDetails":[],"failureMessages":[],"fullName":"EnvironmentToolbar calls onSearchChange when typing in search input","invocations":1,"location":null,"numPassingAsserts":1,"retryReasons":[],"startAt":1770228491184,"status":"passed","title":"calls onSearchChange when typing in search input"},{"ancestorTitles":["EnvironmentToolbar"],"duration":84,"failing":false,"failureDetails":[],"failureMessages":[],"fullName":"EnvironmentToolbar calls onRefresh when refresh button is clicked","invocations":1,"location":null,"numPassingAsserts":1,"retryReasons":[],"startAt":1770228491255,"status":"passed","title":"calls onRefresh when refresh button is clicked"},{"ancestorTitles":["EnvironmentToolbar"],"duration":82,"failing":false,"failureDetails":[],"failureMessages":[],"fullName":"EnvironmentToolbar disables refresh button when loading","invocations":1,"location":null,"numPassingAsserts":1,"retryReasons":[],"startAt":1770228491340,"status":"passed","title":"disables refresh button when loading"},{"ancestorTitles":["EnvironmentToolbar"],"duration":74,"failing":false,"failureDetails":[],"failureMessages":[],"fullName":"EnvironmentToolbar shows clear button when search query is not empty","invocations":1,"location":null,"numPassingAsserts":1,"retryReasons":[],"startAt":1770228491422,"status":"passed","title":"shows clear button when search query is not empty"},{"ancestorTitles":["EnvironmentToolbar"],"duration":91,"failing":false,"failureDetails":[],"failureMessages":[],"fullName":"EnvironmentToolbar clears search when clear button is clicked","invocations":1,"location":null,"numPassingAsserts":1,"retryReasons":[],"startAt":1770228491497,"status":"passed","title":"clears search when clear button is clicked"},{"ancestorTitles":["EnvironmentToolbar"],"duration":83,"failing":false,"failureDetails":[],"failureMessages":[],"fullName":"EnvironmentToolbar shows active filters section when filters are applied","invocations":1,"location":null,"numPassingAsserts":2,"retryReasons":[],"startAt":1770228491588,"status":"passed","title":"shows active filters section when filters are applied"},{"ancestorTitles":["EnvironmentToolbar"],"duration":73,"failing":false,"failureDetails":[],"failureMessages":[],"fullName":"EnvironmentToolbar shows results count when filtered","invocations":1,"location":null,"numPassingAsserts":1,"retryReasons":[],"startAt":1770228491672,"status":"passed","title":"shows results count when filtered"},{"ancestorTitles":["EnvironmentToolbar"],"duration":83,"failing":false,"failureDetails":[],"failureMessages":[],"fullName":"EnvironmentToolbar calls onClearFilters when clear all is clicked","invocations":1,"location":null,"numPassingAsserts":1,"retryReasons":[],"startAt":1770228491745,"status":"passed","title":"calls onClearFilters when clear all is clicked"},{"ancestorTitles":["EnvironmentToolbar"],"duration":68,"failing":false,"failureDetails":[],"failureMessages":[],"fullName":"EnvironmentToolbar shows status filter badge when status filter is applied","invocations":1,"location":null,"numPassingAsserts":1,"retryReasons":[],"startAt":1770228491829,"status":"passed","title":"shows status filter badge when status filter is applied"},{"ancestorTitles":["EnvironmentToolbar"],"duration":58,"failing":false,"failureDetails":[],"failureMessages":[],"fullName":"EnvironmentToolbar does not show active filters section when no filters applied","invocations":1,"location":null,"numPassingAsserts":1,"retryReasons":[],"startAt":1770228491898,"status":"passed","title":"does not show active filters section when no filters applied"}],"endTime":1770228491959,"message":"","name":"D:\\Project\\CogniaLauncher\\components\\environments\\__tests__\\environment-toolbar.test.tsx","startTime":1770228488505,"status":"passed","summary":""},{"assertionResults":[{"ancestorTitles":["VersionInstallForm"],"duration":169,"failing":false,"failureDetails":[],"failureMessages":[],"fullName":"VersionInstallForm renders install new version label","invocations":1,"location":null,"numPassingAsserts":1,"retryReasons":[],"startAt":1770228490887,"status":"passed","title":"renders install new version label"},{"ancestorTitles":["VersionInstallForm"],"duration":122,"failing":false,"failureDetails":[],"failureMessages":[],"fullName":"VersionInstallForm renders version select dropdown","invocations":1,"location":null,"numPassingAsserts":1,"retryReasons":[],"startAt":1770228491056,"status":"passed","title":"renders version select dropdown"},{"ancestorTitles":["VersionInstallForm"],"duration":33,"failing":false,"failureDetails":[],"failureMessages":[],"fullName":"VersionInstallForm renders install button","invocations":1,"location":null,"numPassingAsserts":1,"retryReasons":[],"startAt":1770228491179,"status":"passed","title":"renders install button"},{"ancestorTitles":["VersionInstallForm"],"duration":83,"failing":false,"failureDetails":[],"failureMessages":[],"fullName":"VersionInstallForm calls onInstall with latest when install button is clicked","invocations":1,"location":null,"numPassingAsserts":1,"retryReasons":[],"startAt":1770228491212,"status":"passed","title":"calls onInstall with latest when install button is clicked"},{"ancestorTitles":["VersionInstallForm"],"duration":161,"failing":false,"failureDetails":[{},{"name":"TestingLibraryElementError"}],"failureMessages":["TypeError: target.hasPointerCapture is not a function\n    at D:\\Project\\CogniaLauncher\\node_modules\\.pnpm\\@radix-ui+react-select@2.2._96ec265f284cab812c9d573df689af5c\\node_modules\\@radix-ui\\react-select\\src\\select.tsx:323:24\n    at handleEvent (D:\\Project\\CogniaLauncher\\node_modules\\.pnpm\\@radix-ui+primitive@1.1.3\\node_modules\\@radix-ui\\primitive\\src\\primitive.tsx:20:14)\n    at executeDispatch (D:\\Project\\CogniaLauncher\\node_modules\\.pnpm\\react-dom@19.2.0_react@19.2.0\\node_modules\\react-dom\\cjs\\react-dom-client.development.js:19116:9)\n    at runWithFiberInDEV (D:\\Project\\CogniaLauncher\\node_modules\\.pnpm\\react-dom@19.2.0_react@19.2.0\\node_modules\\react-dom\\cjs\\react-dom-client.development.js:874:13)\n    at processDispatchQueue (D:\\Project\\CogniaLauncher\\node_modules\\.pnpm\\react-dom@19.2.0_react@19.2.0\\node_modules\\react-dom\\cjs\\react-dom-client.development.js:19166:19)\n    at D:\\Project\\CogniaLauncher\\node_modules\\.pnpm\\react-dom@19.2.0_react@19.2.0\\node_modules\\react-dom\\cjs\\react-dom-client.development.js:19767:9\n    at batchedUpdates$1 (D:\\Project\\CogniaLauncher\\node_modules\\.pnpm\\react-dom@19.2.0_react@19.2.0\\node_modules\\react-dom\\cjs\\react-dom-client.development.js:3255:40)\n    at dispatchEventForPluginEventSystem (D:\\Project\\CogniaLauncher\\node_modules\\.pnpm\\react-dom@19.2.0_react@19.2.0\\node_modules\\react-dom\\cjs\\react-dom-client.development.js:19320:7)\n    at dispatchEvent (D:\\Project\\CogniaLauncher\\node_modules\\.pnpm\\react-dom@19.2.0_react@19.2.0\\node_modules\\react-dom\\cjs\\react-dom-client.development.js:23585:11)\n    at dispatchDiscreteEvent (D:\\Project\\CogniaLauncher\\node_modules\\.pnpm\\react-dom@19.2.0_react@19.2.0\\node_modules\\react-dom\\cjs\\react-dom-client.development.js:23553:11)\n    at HTMLDivElement.callTheUserObjectsOperation (D:\\Project\\CogniaLauncher\\node_modules\\.pnpm\\jsdom@26.1.0\\node_modules\\jsdom\\lib\\jsdom\\living\\generated\\EventListener.js:26:30)\n    at innerInvokeEventListeners (D:\\Project\\CogniaLauncher\\node_modules\\.pnpm\\jsdom@26.1.0\\node_modules\\jsdom\\lib\\jsdom\\living\\events\\EventTarget-impl.js:350:25)\n    at invokeEventListeners (D:\\Project\\CogniaLauncher\\node_modules\\.pnpm\\jsdom@26.1.0\\node_modules\\jsdom\\lib\\jsdom\\living\\events\\EventTarget-impl.js:286:3)\n    at HTMLButtonElementImpl._dispatch (D:\\Project\\CogniaLauncher\\node_modules\\.pnpm\\jsdom@26.1.0\\node_modules\\jsdom\\lib\\jsdom\\living\\events\\EventTarget-impl.js:233:9)\n    at HTMLButtonElementImpl.dispatchEvent (D:\\Project\\CogniaLauncher\\node_modules\\.pnpm\\jsdom@26.1.0\\node_modules\\jsdom\\lib\\jsdom\\living\\events\\EventTarget-impl.js:104:17)\n    at HTMLButtonElement.dispatchEvent (D:\\Project\\CogniaLauncher\\node_modules\\.pnpm\\jsdom@26.1.0\\node_modules\\jsdom\\lib\\jsdom\\living\\generated\\EventTarget.js:241:34)\n    at D:\\Project\\CogniaLauncher\\node_modules\\.pnpm\\@testing-library+user-event_1ca100c7362ccf0b1358603d616c282d\\node_modules\\@testing-library\\user-event\\dist\\cjs\\event\\dispatchEvent.js:45:43\n    at D:\\Project\\CogniaLauncher\\node_modules\\.pnpm\\@testing-library+react@16.3_0c43eea83e3bfe47851b32d782caf7e0\\node_modules\\@testing-library\\react\\dist\\pure.js:107:16\n    at D:\\Project\\CogniaLauncher\\node_modules\\.pnpm\\@testing-library+react@16.3_0c43eea83e3bfe47851b32d782caf7e0\\node_modules\\@testing-library\\react\\dist\\act-compat.js:47:24\n    at process.env.NODE_ENV.exports.act (D:\\Project\\CogniaLauncher\\node_modules\\.pnpm\\react@19.2.0\\node_modules\\react\\cjs\\react.development.js:814:22)\n    at D:\\Project\\CogniaLauncher\\node_modules\\.pnpm\\@testing-library+react@16.3_0c43eea83e3bfe47851b32d782caf7e0\\node_modules\\@testing-library\\react\\dist\\act-compat.js:46:25\n    at Object.eventWrapper (D:\\Project\\CogniaLauncher\\node_modules\\.pnpm\\@testing-library+react@16.3_0c43eea83e3bfe47851b32d782caf7e0\\node_modules\\@testing-library\\react\\dist\\pure.js:106:28)\n    at Object.wrapEvent (D:\\Project\\CogniaLauncher\\node_modules\\.pnpm\\@testing-library+user-event_1ca100c7362ccf0b1358603d616c282d\\node_modules\\@testing-library\\user-event\\dist\\cjs\\event\\wrapEvent.js:6:28)\n    at Object.dispatchEvent (D:\\Project\\CogniaLauncher\\node_modules\\.pnpm\\@testing-library+user-event_1ca100c7362ccf0b1358603d616c282d\\node_modules\\@testing-library\\user-event\\dist\\cjs\\event\\dispatchEvent.js:45:22)\n    at Object.dispatchUIEvent (D:\\Project\\CogniaLauncher\\node_modules\\.pnpm\\@testing-library+user-event_1ca100c7362ccf0b1358603d616c282d\\node_modules\\@testing-library\\user-event\\dist\\cjs\\event\\dispatchEvent.js:22:26)\n    at Pointer.down (D:\\Project\\CogniaLauncher\\node_modules\\.pnpm\\@testing-library+user-event_1ca100c7362ccf0b1358603d616c282d\\node_modules\\@testing-library\\user-event\\dist\\cjs\\system\\pointer\\pointer.js:70:38)\n    at PointerHost.press (D:\\Project\\CogniaLauncher\\node_modules\\.pnpm\\@testing-library+user-event_1ca100c7362ccf0b1358603d616c282d\\node_modules\\@testing-library\\user-event\\dist\\cjs\\system\\pointer\\index.js:38:17)\n    at pointerAction (D:\\Project\\CogniaLauncher\\node_modules\\.pnpm\\@testing-library+user-event_1ca100c7362ccf0b1358603d616c282d\\node_modules\\@testing-library\\user-event\\dist\\cjs\\pointer\\index.js:51:43)\n    at Object.pointer (D:\\Project\\CogniaLauncher\\node_modules\\.pnpm\\@testing-library+user-event_1ca100c7362ccf0b1358603d616c282d\\node_modules\\@testing-library\\user-event\\dist\\cjs\\pointer\\index.js:27:15)\n    at Object.asyncWrapper (D:\\Project\\CogniaLauncher\\node_modules\\.pnpm\\@testing-library+react@16.3_0c43eea83e3bfe47851b32d782caf7e0\\node_modules\\@testing-library\\react\\dist\\pure.js:87:22)\n    at Object.<anonymous> (D:\\Project\\CogniaLauncher\\components\\environments\\environment-card\\__tests__\\version-install-form.test.tsx:61:5)","TestingLibraryElementError: Unable to find an element with the text: Custom. This could be because the text is broken up by multiple elements. In this case, you can provide a function for your text matcher to make your matcher more flexible.\n\nIgnored nodes: comments, script, style\n\u001b[36m<body>\u001b[39m\n  \u001b[36m<div>\u001b[39m\n    \u001b[36m<div\u001b[39m\n      \u001b[33mclass\u001b[39m=\u001b[32m\"space-y-2\"\u001b[39m\n    \u001b[36m>\u001b[39m\n      \u001b[36m<p\u001b[39m\n        \u001b[33mclass\u001b[39m=\u001b[32m\"text-xs font-medium text-muted-foreground\"\u001b[39m\n      \u001b[36m>\u001b[39m\n        \u001b[0mInstall New Version\u001b[0m\n      \u001b[36m</p>\u001b[39m\n      \u001b[36m<div\u001b[39m\n        \u001b[33mclass\u001b[39m=\u001b[32m\"flex gap-2\"\u001b[39m\n      \u001b[36m>\u001b[39m\n        \u001b[36m<button\u001b[39m\n          \u001b[33maria-autocomplete\u001b[39m=\u001b[32m\"none\"\u001b[39m\n          \u001b[33maria-controls\u001b[39m=\u001b[32m\"radix-_r_g_\"\u001b[39m\n          \u001b[33maria-expanded\u001b[39m=\u001b[32m\"false\"\u001b[39m\n          \u001b[33mclass\u001b[39m=\u001b[32m\"border-input data-[placeholder]:text-muted-foreground [&_svg:not([class*='text-'])]:text-muted-foreground focus-visible:border-ring focus-visible:ring-ring/50 aria-invalid:ring-destructive/20 dark:aria-invalid:ring-destructive/40 aria-invalid:border-destructive dark:bg-input/30 dark:hover:bg-input/50 flex w-fit items-center justify-between gap-2 rounded-md border bg-transparent px-3 py-2 text-sm whitespace-nowrap shadow-xs transition-[color,box-shadow] outline-none focus-visible:ring-[3px] disabled:cursor-not-allowed disabled:opacity-50 data-[size=default]:h-9 data-[size=sm]:h-8 *:data-[slot=select-value]:line-clamp-1 *:data-[slot=select-value]:flex *:data-[slot=select-value]:items-center *:data-[slot=select-value]:gap-2 [&_svg]:pointer-events-none [&_svg]:shrink-0 [&_svg:not([class*='size-'])]:size-4 flex-1 h-9\"\u001b[39m\n          \u001b[33mdata-size\u001b[39m=\u001b[32m\"default\"\u001b[39m\n          \u001b[33mdata-slot\u001b[39m=\u001b[32m\"select-trigger\"\u001b[39m\n          \u001b[33mdata-state\u001b[39m=\u001b[32m\"closed\"\u001b[39m\n          \u001b[33mdir\u001b[39m=\u001b[32m\"ltr\"\u001b[39m\n          \u001b[33mrole\u001b[39m=\u001b[32m\"combobox\"\u001b[39m\n          \u001b[33mtype\u001b[39m=\u001b[32m\"button\"\u001b[39m\n        \u001b[36m>\u001b[39m\n          \u001b[36m<span\u001b[39m\n            \u001b[33mdata-slot\u001b[39m=\u001b[32m\"select-value\"\u001b[39m\n            \u001b[33mstyle\u001b[39m=\u001b[32m\"pointer-events: none;\"\u001b[39m\n          \u001b[36m>\u001b[39m\n            \u001b[0mLatest\u001b[0m\n          \u001b[36m</span>\u001b[39m\n          \u001b[36m<svg\u001b[39m\n            \u001b[33maria-hidden\u001b[39m=\u001b[32m\"true\"\u001b[39m\n            \u001b[33mclass\u001b[39m=\u001b[32m\"lucide lucide-chevron-down size-4 opacity-50\"\u001b[39m\n            \u001b[33mfill\u001b[39m=\u001b[32m\"none\"\u001b[39m\n            \u001b[33mheight\u001b[39m=\u001b[32m\"24\"\u001b[39m\n            \u001b[33mstroke\u001b[39m=\u001b[32m\"currentColor\"\u001b[39m\n            \u001b[33mstroke-linecap\u001b[39m=\u001b[32m\"round\"\u001b[39m\n            \u001b[33mstroke-linejoin\u001b[39m=\u001b[32m\"round\"\u001b[39m\n            \u001b[33mstroke-width\u001b[39m=\u001b[32m\"2\"\u001b[39m\n            \u001b[33mviewBox\u001b[39m=\u001b[32m\"0 0 24 24\"\u001b[39m\n            \u001b[33mwidth\u001b[39m=\u001b[32m\"24\"\u001b[39m\n            \u001b[33mxmlns\u001b[39m=\u001b[32m\"http://www.w3.org/2000/svg\"\u001b[39m\n          \u001b[36m>\u001b[39m\n            \u001b[36m<path\u001b[39m\n              \u001b[33md\u001b[39m=\u001b[32m\"m6 9 6 6 6-6\"\u001b[39m\n            \u001b[36m/>\u001b[39m\n          \u001b[36m</svg>\u001b[39m\n        \u001b[36m</button>\u001b[39m\n        \u001b[36m<button\u001b[39m\n          \u001b[33mclass\u001b[39m=\u001b[32m\"inline-flex items-center justify-center whitespace-nowrap text-sm font-medium transition-all disabled:pointer-events-none disabled:opacity-50 [&_svg]:pointer-events-none [&_svg:not([class*='size-'])]:size-4 shrink-0 [&_svg]:shrink-0 outline-none focus-visible:border-ring focus-visible:ring-ring/50 focus-visible:ring-[3px] aria-invalid:ring-destructive/20 dark:aria-invalid:ring-destructive/40 aria-invalid:border-destructive bg-primary text-primary-foreground hover:bg-primary/90 rounded-md px-3 has-[>svg]:px-2.5 h-9 gap-1\"\u001b[39m\n          \u001b[33mdata-size\u001b[39m=\u001b[32m\"sm\"\u001b[39m\n          \u001b[33mdata-slot\u001b[39m=\u001b[32m\"button\"\u001b[39m\n          \u001b[33mdata-variant\u001b[39m=\u001b[32m\"default\"\u001b[39m\n        \u001b[36m>\u001b[39m\n          \u001b[36m<svg\u001b[39m\n            \u001b[33maria-hidden\u001b[39m=\u001b[32m\"true\"\u001b[39m\n            \u001b[33mclass\u001b[39m=\u001b[32m\"lucide lucide-download h-4 w-4\"\u001b[39m\n            \u001b[33mfill\u001b[39m=\u001b[32m\"none\"\u001b[39m\n            \u001b[33mheight\u001b[39m=\u001b[32m\"24\"\u001b[39m\n            \u001b[33mstroke\u001b[39m=\u001b[32m\"currentColor\"\u001b[39m\n            \u001b[33mstroke-linecap\u001b[39m=\u001b[32m\"round\"\u001b[39m\n            \u001b[33mstroke-linejoin\u001b[39m=\u001b[32m\"round\"\u001b[39m\n            \u001b[33mstroke-width\u001b[39m=\u001b[32m\"2\"\u001b[39m\n            \u001b[33mviewBox\u001b[39m=\u001b[32m\"0 0 24 24\"\u001b[39m\n            \u001b[33mwidth\u001b[39m=\u001b[32m\"24\"\u001b[39m\n            \u001b[33mxmlns\u001b[39m=\u001b[32m\"http://www.w3.org/2000/svg\"\u001b[39m\n          \u001b[36m>\u001b[39m\n            \u001b[36m<path\u001b[39m\n              \u001b[33md\u001b[39m=\u001b[32m\"M12 15V3\"\u001b[39m\n            \u001b[36m/>\u001b[39m\n            \u001b[36m<path\u001b[39m\n              \u001b[33md\u001b[39m=\u001b[32m\"M21 15v4a2 2 0 0 1-2 2H5a2 2 0 0 1-2-2v-4\"\u001b[39m\n            \u001b[36m/>\u001b[39m\n            \u001b[36m<path\u001b[39m\n              \u001b[33md\u001b[39m=\u001b[32m\"m7 10 5 5 5-5\"\u001b[39m\n            \u001b[36m/>\u001b[39m\n          \u001b[36m</svg>\u001b[39m\n          \u001b[0mInstall\u001b[0m\n        \u001b[36m</button>\u001b[39m\n      \u001b[36m</div>\u001b[39m\n    \u001b[36m</div>\u001b[39m\n  \u001b[36m</div>\u001b[39m\n\u001b[36m</body>\u001b[39m\n    at Object.getElementError (D:\\Project\\CogniaLauncher\\node_modules\\.pnpm\\@testing-library+dom@10.4.1\\node_modules\\@testing-library\\dom\\dist\\config.js:37:19)\n    at D:\\Project\\CogniaLauncher\\node_modules\\.pnpm\\@testing-library+dom@10.4.1\\node_modules\\@testing-library\\dom\\dist\\query-helpers.js:76:38\n    at D:\\Project\\CogniaLauncher\\node_modules\\.pnpm\\@testing-library+dom@10.4.1\\node_modules\\@testing-library\\dom\\dist\\query-helpers.js:52:17\n    at D:\\Project\\CogniaLauncher\\node_modules\\.pnpm\\@testing-library+dom@10.4.1\\node_modules\\@testing-library\\dom\\dist\\query-helpers.js:95:19\n    at Object.getByText (D:\\Project\\CogniaLauncher\\components\\environments\\environment-card\\__tests__\\version-install-form.test.tsx:62:29)"],"fullName":"VersionInstallForm shows custom version input when custom is selected","invocations":1,"location":null,"numPassingAsserts":0,"retryReasons":[],"startAt":1770228491296,"status":"failed","title":"shows custom version input when custom is selected"},{"ancestorTitles":["VersionInstallForm"],"duration":118,"failing":false,"failureDetails":[{},{"name":"TestingLibraryElementError"}],"failureMessages":["TypeError: target.hasPointerCapture is not a function\n    at D:\\Project\\CogniaLauncher\\node_modules\\.pnpm\\@radix-ui+react-select@2.2._96ec265f284cab812c9d573df689af5c\\node_modules\\@radix-ui\\react-select\\src\\select.tsx:323:24\n    at handleEvent (D:\\Project\\CogniaLauncher\\node_modules\\.pnpm\\@radix-ui+primitive@1.1.3\\node_modules\\@radix-ui\\primitive\\src\\primitive.tsx:20:14)\n    at executeDispatch (D:\\Project\\CogniaLauncher\\node_modules\\.pnpm\\react-dom@19.2.0_react@19.2.0\\node_modules\\react-dom\\cjs\\react-dom-client.development.js:19116:9)\n    at runWithFiberInDEV (D:\\Project\\CogniaLauncher\\node_modules\\.pnpm\\react-dom@19.2.0_react@19.2.0\\node_modules\\react-dom\\cjs\\react-dom-client.development.js:874:13)\n    at processDispatchQueue (D:\\Project\\CogniaLauncher\\node_modules\\.pnpm\\react-dom@19.2.0_react@19.2.0\\node_modules\\react-dom\\cjs\\react-dom-client.development.js:19166:19)\n    at D:\\Project\\CogniaLauncher\\node_modules\\.pnpm\\react-dom@19.2.0_react@19.2.0\\node_modules\\react-dom\\cjs\\react-dom-client.development.js:19767:9\n    at batchedUpdates$1 (D:\\Project\\CogniaLauncher\\node_modules\\.pnpm\\react-dom@19.2.0_react@19.2.0\\node_modules\\react-dom\\cjs\\react-dom-client.development.js:3255:40)\n    at dispatchEventForPluginEventSystem (D:\\Project\\CogniaLauncher\\node_modules\\.pnpm\\react-dom@19.2.0_react@19.2.0\\node_modules\\react-dom\\cjs\\react-dom-client.development.js:19320:7)\n    at dispatchEvent (D:\\Project\\CogniaLauncher\\node_modules\\.pnpm\\react-dom@19.2.0_react@19.2.0\\node_modules\\react-dom\\cjs\\react-dom-client.development.js:23585:11)\n    at dispatchDiscreteEvent (D:\\Project\\CogniaLauncher\\node_modules\\.pnpm\\react-dom@19.2.0_react@19.2.0\\node_modules\\react-dom\\cjs\\react-dom-client.development.js:23553:11)\n    at HTMLDivElement.callTheUserObjectsOperation (D:\\Project\\CogniaLauncher\\node_modules\\.pnpm\\jsdom@26.1.0\\node_modules\\jsdom\\lib\\jsdom\\living\\generated\\EventListener.js:26:30)\n    at innerInvokeEventListeners (D:\\Project\\CogniaLauncher\\node_modules\\.pnpm\\jsdom@26.1.0\\node_modules\\jsdom\\lib\\jsdom\\living\\events\\EventTarget-impl.js:350:25)\n    at invokeEventListeners (D:\\Project\\CogniaLauncher\\node_modules\\.pnpm\\jsdom@26.1.0\\node_modules\\jsdom\\lib\\jsdom\\living\\events\\EventTarget-impl.js:286:3)\n    at HTMLButtonElementImpl._dispatch (D:\\Project\\CogniaLauncher\\node_modules\\.pnpm\\jsdom@26.1.0\\node_modules\\jsdom\\lib\\jsdom\\living\\events\\EventTarget-impl.js:233:9)\n    at HTMLButtonElementImpl.dispatchEvent (D:\\Project\\CogniaLauncher\\node_modules\\.pnpm\\jsdom@26.1.0\\node_modules\\jsdom\\lib\\jsdom\\living\\events\\EventTarget-impl.js:104:17)\n    at HTMLButtonElement.dispatchEvent (D:\\Project\\CogniaLauncher\\node_modules\\.pnpm\\jsdom@26.1.0\\node_modules\\jsdom\\lib\\jsdom\\living\\generated\\EventTarget.js:241:34)\n    at D:\\Project\\CogniaLauncher\\node_modules\\.pnpm\\@testing-library+user-event_1ca100c7362ccf0b1358603d616c282d\\node_modules\\@testing-library\\user-event\\dist\\cjs\\event\\dispatchEvent.js:45:43\n    at D:\\Project\\CogniaLauncher\\node_modules\\.pnpm\\@testing-library+react@16.3_0c43eea83e3bfe47851b32d782caf7e0\\node_modules\\@testing-library\\react\\dist\\pure.js:107:16\n    at D:\\Project\\CogniaLauncher\\node_modules\\.pnpm\\@testing-library+react@16.3_0c43eea83e3bfe47851b32d782caf7e0\\node_modules\\@testing-library\\react\\dist\\act-compat.js:47:24\n    at process.env.NODE_ENV.exports.act (D:\\Project\\CogniaLauncher\\node_modules\\.pnpm\\react@19.2.0\\node_modules\\react\\cjs\\react.development.js:814:22)\n    at D:\\Project\\CogniaLauncher\\node_modules\\.pnpm\\@testing-library+react@16.3_0c43eea83e3bfe47851b32d782caf7e0\\node_modules\\@testing-library\\react\\dist\\act-compat.js:46:25\n    at Object.eventWrapper (D:\\Project\\CogniaLauncher\\node_modules\\.pnpm\\@testing-library+react@16.3_0c43eea83e3bfe47851b32d782caf7e0\\node_modules\\@testing-library\\react\\dist\\pure.js:106:28)\n    at Object.wrapEvent (D:\\Project\\CogniaLauncher\\node_modules\\.pnpm\\@testing-library+user-event_1ca100c7362ccf0b1358603d616c282d\\node_modules\\@testing-library\\user-event\\dist\\cjs\\event\\wrapEvent.js:6:28)\n    at Object.dispatchEvent (D:\\Project\\CogniaLauncher\\node_modules\\.pnpm\\@testing-library+user-event_1ca100c7362ccf0b1358603d616c282d\\node_modules\\@testing-library\\user-event\\dist\\cjs\\event\\dispatchEvent.js:45:22)\n    at Object.dispatchUIEvent (D:\\Project\\CogniaLauncher\\node_modules\\.pnpm\\@testing-library+user-event_1ca100c7362ccf0b1358603d616c282d\\node_modules\\@testing-library\\user-event\\dist\\cjs\\event\\dispatchEvent.js:22:26)\n    at Pointer.down (D:\\Project\\CogniaLauncher\\node_modules\\.pnpm\\@testing-library+user-event_1ca100c7362ccf0b1358603d616c282d\\node_modules\\@testing-library\\user-event\\dist\\cjs\\system\\pointer\\pointer.js:70:38)\n    at PointerHost.press (D:\\Project\\CogniaLauncher\\node_modules\\.pnpm\\@testing-library+user-event_1ca100c7362ccf0b1358603d616c282d\\node_modules\\@testing-library\\user-event\\dist\\cjs\\system\\pointer\\index.js:38:17)\n    at pointerAction (D:\\Project\\CogniaLauncher\\node_modules\\.pnpm\\@testing-library+user-event_1ca100c7362ccf0b1358603d616c282d\\node_modules\\@testing-library\\user-event\\dist\\cjs\\pointer\\index.js:51:43)\n    at Object.pointer (D:\\Project\\CogniaLauncher\\node_modules\\.pnpm\\@testing-library+user-event_1ca100c7362ccf0b1358603d616c282d\\node_modules\\@testing-library\\user-event\\dist\\cjs\\pointer\\index.js:27:15)\n    at Object.asyncWrapper (D:\\Project\\CogniaLauncher\\node_modules\\.pnpm\\@testing-library+react@16.3_0c43eea83e3bfe47851b32d782caf7e0\\node_modules\\@testing-library\\react\\dist\\pure.js:87:22)\n    at Object.<anonymous> (D:\\Project\\CogniaLauncher\\components\\environments\\environment-card\\__tests__\\version-install-form.test.tsx:72:5)","TestingLibraryElementError: Unable to find an element with the text: Custom. This could be because the text is broken up by multiple elements. In this case, you can provide a function for your text matcher to make your matcher more flexible.\n\nIgnored nodes: comments, script, style\n\u001b[36m<body>\u001b[39m\n  \u001b[36m<div>\u001b[39m\n    \u001b[36m<div\u001b[39m\n      \u001b[33mclass\u001b[39m=\u001b[32m\"space-y-2\"\u001b[39m\n    \u001b[36m>\u001b[39m\n      \u001b[36m<p\u001b[39m\n        \u001b[33mclass\u001b[39m=\u001b[32m\"text-xs font-medium text-muted-foreground\"\u001b[39m\n      \u001b[36m>\u001b[39m\n        \u001b[0mInstall New Version\u001b[0m\n      \u001b[36m</p>\u001b[39m\n      \u001b[36m<div\u001b[39m\n        \u001b[33mclass\u001b[39m=\u001b[32m\"flex gap-2\"\u001b[39m\n      \u001b[36m>\u001b[39m\n        \u001b[36m<button\u001b[39m\n          \u001b[33maria-autocomplete\u001b[39m=\u001b[32m\"none\"\u001b[39m\n          \u001b[33maria-controls\u001b[39m=\u001b[32m\"radix-_r_k_\"\u001b[39m\n          \u001b[33maria-expanded\u001b[39m=\u001b[32m\"false\"\u001b[39m\n          \u001b[33mclass\u001b[39m=\u001b[32m\"border-input data-[placeholder]:text-muted-foreground [&_svg:not([class*='text-'])]:text-muted-foreground focus-visible:border-ring focus-visible:ring-ring/50 aria-invalid:ring-destructive/20 dark:aria-invalid:ring-destructive/40 aria-invalid:border-destructive dark:bg-input/30 dark:hover:bg-input/50 flex w-fit items-center justify-between gap-2 rounded-md border bg-transparent px-3 py-2 text-sm whitespace-nowrap shadow-xs transition-[color,box-shadow] outline-none focus-visible:ring-[3px] disabled:cursor-not-allowed disabled:opacity-50 data-[size=default]:h-9 data-[size=sm]:h-8 *:data-[slot=select-value]:line-clamp-1 *:data-[slot=select-value]:flex *:data-[slot=select-value]:items-center *:data-[slot=select-value]:gap-2 [&_svg]:pointer-events-none [&_svg]:shrink-0 [&_svg:not([class*='size-'])]:size-4 flex-1 h-9\"\u001b[39m\n          \u001b[33mdata-size\u001b[39m=\u001b[32m\"default\"\u001b[39m\n          \u001b[33mdata-slot\u001b[39m=\u001b[32m\"select-trigger\"\u001b[39m\n          \u001b[33mdata-state\u001b[39m=\u001b[32m\"closed\"\u001b[39m\n          \u001b[33mdir\u001b[39m=\u001b[32m\"ltr\"\u001b[39m\n          \u001b[33mrole\u001b[39m=\u001b[32m\"combobox\"\u001b[39m\n          \u001b[33mtype\u001b[39m=\u001b[32m\"button\"\u001b[39m\n        \u001b[36m>\u001b[39m\n          \u001b[36m<span\u001b[39m\n            \u001b[33mdata-slot\u001b[39m=\u001b[32m\"select-value\"\u001b[39m\n            \u001b[33mstyle\u001b[39m=\u001b[32m\"pointer-events: none;\"\u001b[39m\n          \u001b[36m>\u001b[39m\n            \u001b[0mLatest\u001b[0m\n          \u001b[36m</span>\u001b[39m\n          \u001b[36m<svg\u001b[39m\n            \u001b[33maria-hidden\u001b[39m=\u001b[32m\"true\"\u001b[39m\n            \u001b[33mclass\u001b[39m=\u001b[32m\"lucide lucide-chevron-down size-4 opacity-50\"\u001b[39m\n            \u001b[33mfill\u001b[39m=\u001b[32m\"none\"\u001b[39m\n            \u001b[33mheight\u001b[39m=\u001b[32m\"24\"\u001b[39m\n            \u001b[33mstroke\u001b[39m=\u001b[32m\"currentColor\"\u001b[39m\n            \u001b[33mstroke-linecap\u001b[39m=\u001b[32m\"round\"\u001b[39m\n            \u001b[33mstroke-linejoin\u001b[39m=\u001b[32m\"round\"\u001b[39m\n            \u001b[33mstroke-width\u001b[39m=\u001b[32m\"2\"\u001b[39m\n            \u001b[33mviewBox\u001b[39m=\u001b[32m\"0 0 24 24\"\u001b[39m\n            \u001b[33mwidth\u001b[39m=\u001b[32m\"24\"\u001b[39m\n            \u001b[33mxmlns\u001b[39m=\u001b[32m\"http://www.w3.org/2000/svg\"\u001b[39m\n          \u001b[36m>\u001b[39m\n            \u001b[36m<path\u001b[39m\n              \u001b[33md\u001b[39m=\u001b[32m\"m6 9 6 6 6-6\"\u001b[39m\n            \u001b[36m/>\u001b[39m\n          \u001b[36m</svg>\u001b[39m\n        \u001b[36m</button>\u001b[39m\n        \u001b[36m<button\u001b[39m\n          \u001b[33mclass\u001b[39m=\u001b[32m\"inline-flex items-center justify-center whitespace-nowrap text-sm font-medium transition-all disabled:pointer-events-none disabled:opacity-50 [&_svg]:pointer-events-none [&_svg:not([class*='size-'])]:size-4 shrink-0 [&_svg]:shrink-0 outline-none focus-visible:border-ring focus-visible:ring-ring/50 focus-visible:ring-[3px] aria-invalid:ring-destructive/20 dark:aria-invalid:ring-destructive/40 aria-invalid:border-destructive bg-primary text-primary-foreground hover:bg-primary/90 rounded-md px-3 has-[>svg]:px-2.5 h-9 gap-1\"\u001b[39m\n          \u001b[33mdata-size\u001b[39m=\u001b[32m\"sm\"\u001b[39m\n          \u001b[33mdata-slot\u001b[39m=\u001b[32m\"button\"\u001b[39m\n          \u001b[33mdata-variant\u001b[39m=\u001b[32m\"default\"\u001b[39m\n        \u001b[36m>\u001b[39m\n          \u001b[36m<svg\u001b[39m\n            \u001b[33maria-hidden\u001b[39m=\u001b[32m\"true\"\u001b[39m\n            \u001b[33mclass\u001b[39m=\u001b[32m\"lucide lucide-download h-4 w-4\"\u001b[39m\n            \u001b[33mfill\u001b[39m=\u001b[32m\"none\"\u001b[39m\n            \u001b[33mheight\u001b[39m=\u001b[32m\"24\"\u001b[39m\n            \u001b[33mstroke\u001b[39m=\u001b[32m\"currentColor\"\u001b[39m\n            \u001b[33mstroke-linecap\u001b[39m=\u001b[32m\"round\"\u001b[39m\n            \u001b[33mstroke-linejoin\u001b[39m=\u001b[32m\"round\"\u001b[39m\n            \u001b[33mstroke-width\u001b[39m=\u001b[32m\"2\"\u001b[39m\n            \u001b[33mviewBox\u001b[39m=\u001b[32m\"0 0 24 24\"\u001b[39m\n            \u001b[33mwidth\u001b[39m=\u001b[32m\"24\"\u001b[39m\n            \u001b[33mxmlns\u001b[39m=\u001b[32m\"http://www.w3.org/2000/svg\"\u001b[39m\n          \u001b[36m>\u001b[39m\n            \u001b[36m<path\u001b[39m\n              \u001b[33md\u001b[39m=\u001b[32m\"M12 15V3\"\u001b[39m\n            \u001b[36m/>\u001b[39m\n            \u001b[36m<path\u001b[39m\n              \u001b[33md\u001b[39m=\u001b[32m\"M21 15v4a2 2 0 0 1-2 2H5a2 2 0 0 1-2-2v-4\"\u001b[39m\n            \u001b[36m/>\u001b[39m\n            \u001b[36m<path\u001b[39m\n              \u001b[33md\u001b[39m=\u001b[32m\"m7 10 5 5 5-5\"\u001b[39m\n            \u001b[36m/>\u001b[39m\n          \u001b[36m</svg>\u001b[39m\n          \u001b[0mInstall\u001b[0m\n        \u001b[36m</button>\u001b[39m\n      \u001b[36m</div>\u001b[39m\n    \u001b[36m</div>\u001b[39m\n  \u001b[36m</div>\u001b[39m\n\u001b[36m</body>\u001b[39m\n    at Object.getElementError (D:\\Project\\CogniaLauncher\\node_modules\\.pnpm\\@testing-library+dom@10.4.1\\node_modules\\@testing-library\\dom\\dist\\config.js:37:19)\n    at D:\\Project\\CogniaLauncher\\node_modules\\.pnpm\\@testing-library+dom@10.4.1\\node_modules\\@testing-library\\dom\\dist\\query-helpers.js:76:38\n    at D:\\Project\\CogniaLauncher\\node_modules\\.pnpm\\@testing-library+dom@10.4.1\\node_modules\\@testing-library\\dom\\dist\\query-helpers.js:52:17\n    at D:\\Project\\CogniaLauncher\\node_modules\\.pnpm\\@testing-library+dom@10.4.1\\node_modules\\@testing-library\\dom\\dist\\query-helpers.js:95:19\n    at Object.getByText (D:\\Project\\CogniaLauncher\\components\\environments\\environment-card\\__tests__\\version-install-form.test.tsx:73:29)"],"fullName":"VersionInstallForm calls onInstall with custom version","invocations":1,"location":null,"numPassingAsserts":0,"retryReasons":[],"startAt":1770228491463,"status":"failed","title":"calls onInstall with custom version"},{"ancestorTitles":["VersionInstallForm"],"duration":42,"failing":false,"failureDetails":[],"failureMessages":[],"fullName":"VersionInstallForm disables install button when installing","invocations":1,"location":null,"numPassingAsserts":1,"retryReasons":[],"startAt":1770228491582,"status":"passed","title":"disables install button when installing"},{"ancestorTitles":["VersionInstallForm"],"duration":77,"failing":false,"failureDetails":[{},{"name":"TestingLibraryElementError"}],"failureMessages":["TypeError: target.hasPointerCapture is not a function\n    at D:\\Project\\CogniaLauncher\\node_modules\\.pnpm\\@radix-ui+react-select@2.2._96ec265f284cab812c9d573df689af5c\\node_modules\\@radix-ui\\react-select\\src\\select.tsx:323:24\n    at handleEvent (D:\\Project\\CogniaLauncher\\node_modules\\.pnpm\\@radix-ui+primitive@1.1.3\\node_modules\\@radix-ui\\primitive\\src\\primitive.tsx:20:14)\n    at executeDispatch (D:\\Project\\CogniaLauncher\\node_modules\\.pnpm\\react-dom@19.2.0_react@19.2.0\\node_modules\\react-dom\\cjs\\react-dom-client.development.js:19116:9)\n    at runWithFiberInDEV (D:\\Project\\CogniaLauncher\\node_modules\\.pnpm\\react-dom@19.2.0_react@19.2.0\\node_modules\\react-dom\\cjs\\react-dom-client.development.js:874:13)\n    at processDispatchQueue (D:\\Project\\CogniaLauncher\\node_modules\\.pnpm\\react-dom@19.2.0_react@19.2.0\\node_modules\\react-dom\\cjs\\react-dom-client.development.js:19166:19)\n    at D:\\Project\\CogniaLauncher\\node_modules\\.pnpm\\react-dom@19.2.0_react@19.2.0\\node_modules\\react-dom\\cjs\\react-dom-client.development.js:19767:9\n    at batchedUpdates$1 (D:\\Project\\CogniaLauncher\\node_modules\\.pnpm\\react-dom@19.2.0_react@19.2.0\\node_modules\\react-dom\\cjs\\react-dom-client.development.js:3255:40)\n    at dispatchEventForPluginEventSystem (D:\\Project\\CogniaLauncher\\node_modules\\.pnpm\\react-dom@19.2.0_react@19.2.0\\node_modules\\react-dom\\cjs\\react-dom-client.development.js:19320:7)\n    at dispatchEvent (D:\\Project\\CogniaLauncher\\node_modules\\.pnpm\\react-dom@19.2.0_react@19.2.0\\node_modules\\react-dom\\cjs\\react-dom-client.development.js:23585:11)\n    at dispatchDiscreteEvent (D:\\Project\\CogniaLauncher\\node_modules\\.pnpm\\react-dom@19.2.0_react@19.2.0\\node_modules\\react-dom\\cjs\\react-dom-client.development.js:23553:11)\n    at HTMLDivElement.callTheUserObjectsOperation (D:\\Project\\CogniaLauncher\\node_modules\\.pnpm\\jsdom@26.1.0\\node_modules\\jsdom\\lib\\jsdom\\living\\generated\\EventListener.js:26:30)\n    at innerInvokeEventListeners (D:\\Project\\CogniaLauncher\\node_modules\\.pnpm\\jsdom@26.1.0\\node_modules\\jsdom\\lib\\jsdom\\living\\events\\EventTarget-impl.js:350:25)\n    at invokeEventListeners (D:\\Project\\CogniaLauncher\\node_modules\\.pnpm\\jsdom@26.1.0\\node_modules\\jsdom\\lib\\jsdom\\living\\events\\EventTarget-impl.js:286:3)\n    at HTMLButtonElementImpl._dispatch (D:\\Project\\CogniaLauncher\\node_modules\\.pnpm\\jsdom@26.1.0\\node_modules\\jsdom\\lib\\jsdom\\living\\events\\EventTarget-impl.js:233:9)\n    at HTMLButtonElementImpl.dispatchEvent (D:\\Project\\CogniaLauncher\\node_modules\\.pnpm\\jsdom@26.1.0\\node_modules\\jsdom\\lib\\jsdom\\living\\events\\EventTarget-impl.js:104:17)\n    at HTMLButtonElement.dispatchEvent (D:\\Project\\CogniaLauncher\\node_modules\\.pnpm\\jsdom@26.1.0\\node_modules\\jsdom\\lib\\jsdom\\living\\generated\\EventTarget.js:241:34)\n    at D:\\Project\\CogniaLauncher\\node_modules\\.pnpm\\@testing-library+user-event_1ca100c7362ccf0b1358603d616c282d\\node_modules\\@testing-library\\user-event\\dist\\cjs\\event\\dispatchEvent.js:45:43\n    at D:\\Project\\CogniaLauncher\\node_modules\\.pnpm\\@testing-library+react@16.3_0c43eea83e3bfe47851b32d782caf7e0\\node_modules\\@testing-library\\react\\dist\\pure.js:107:16\n    at D:\\Project\\CogniaLauncher\\node_modules\\.pnpm\\@testing-library+react@16.3_0c43eea83e3bfe47851b32d782caf7e0\\node_modules\\@testing-library\\react\\dist\\act-compat.js:47:24\n    at process.env.NODE_ENV.exports.act (D:\\Project\\CogniaLauncher\\node_modules\\.pnpm\\react@19.2.0\\node_modules\\react\\cjs\\react.development.js:814:22)\n    at D:\\Project\\CogniaLauncher\\node_modules\\.pnpm\\@testing-library+react@16.3_0c43eea83e3bfe47851b32d782caf7e0\\node_modules\\@testing-library\\react\\dist\\act-compat.js:46:25\n    at Object.eventWrapper (D:\\Project\\CogniaLauncher\\node_modules\\.pnpm\\@testing-library+react@16.3_0c43eea83e3bfe47851b32d782caf7e0\\node_modules\\@testing-library\\react\\dist\\pure.js:106:28)\n    at Object.wrapEvent (D:\\Project\\CogniaLauncher\\node_modules\\.pnpm\\@testing-library+user-event_1ca100c7362ccf0b1358603d616c282d\\node_modules\\@testing-library\\user-event\\dist\\cjs\\event\\wrapEvent.js:6:28)\n    at Object.dispatchEvent (D:\\Project\\CogniaLauncher\\node_modules\\.pnpm\\@testing-library+user-event_1ca100c7362ccf0b1358603d616c282d\\node_modules\\@testing-library\\user-event\\dist\\cjs\\event\\dispatchEvent.js:45:22)\n    at Object.dispatchUIEvent (D:\\Project\\CogniaLauncher\\node_modules\\.pnpm\\@testing-library+user-event_1ca100c7362ccf0b1358603d616c282d\\node_modules\\@testing-library\\user-event\\dist\\cjs\\event\\dispatchEvent.js:22:26)\n    at Pointer.down (D:\\Project\\CogniaLauncher\\node_modules\\.pnpm\\@testing-library+user-event_1ca100c7362ccf0b1358603d616c282d\\node_modules\\@testing-library\\user-event\\dist\\cjs\\system\\pointer\\pointer.js:70:38)\n    at PointerHost.press (D:\\Project\\CogniaLauncher\\node_modules\\.pnpm\\@testing-library+user-event_1ca100c7362ccf0b1358603d616c282d\\node_modules\\@testing-library\\user-event\\dist\\cjs\\system\\pointer\\index.js:38:17)\n    at pointerAction (D:\\Project\\CogniaLauncher\\node_modules\\.pnpm\\@testing-library+user-event_1ca100c7362ccf0b1358603d616c282d\\node_modules\\@testing-library\\user-event\\dist\\cjs\\pointer\\index.js:51:43)\n    at Object.pointer (D:\\Project\\CogniaLauncher\\node_modules\\.pnpm\\@testing-library+user-event_1ca100c7362ccf0b1358603d616c282d\\node_modules\\@testing-library\\user-event\\dist\\cjs\\pointer\\index.js:27:15)\n    at Object.asyncWrapper (D:\\Project\\CogniaLauncher\\node_modules\\.pnpm\\@testing-library+react@16.3_0c43eea83e3bfe47851b32d782caf7e0\\node_modules\\@testing-library\\react\\dist\\pure.js:87:22)\n    at Object.<anonymous> (D:\\Project\\CogniaLauncher\\components\\environments\\environment-card\\__tests__\\version-install-form.test.tsx:98:5)","TestingLibraryElementError: Unable to find an element with the text: Custom. This could be because the text is broken up by multiple elements. In this case, you can provide a function for your text matcher to make your matcher more flexible.\n\nIgnored nodes: comments, script, style\n\u001b[36m<body>\u001b[39m\n  \u001b[36m<div>\u001b[39m\n    \u001b[36m<div\u001b[39m\n      \u001b[33mclass\u001b[39m=\u001b[32m\"space-y-2\"\u001b[39m\n    \u001b[36m>\u001b[39m\n      \u001b[36m<p\u001b[39m\n        \u001b[33mclass\u001b[39m=\u001b[32m\"text-xs font-medium text-muted-foreground\"\u001b[39m\n      \u001b[36m>\u001b[39m\n        \u001b[0mInstall New Version\u001b[0m\n      \u001b[36m</p>\u001b[39m\n      \u001b[36m<div\u001b[39m\n        \u001b[33mclass\u001b[39m=\u001b[32m\"flex gap-2\"\u001b[39m\n      \u001b[36m>\u001b[39m\n        \u001b[36m<button\u001b[39m\n          \u001b[33maria-autocomplete\u001b[39m=\u001b[32m\"none\"\u001b[39m\n          \u001b[33maria-controls\u001b[39m=\u001b[32m\"radix-_r_s_\"\u001b[39m\n          \u001b[33maria-expanded\u001b[39m=\u001b[32m\"false\"\u001b[39m\n          \u001b[33mclass\u001b[39m=\u001b[32m\"border-input data-[placeholder]:text-muted-foreground [&_svg:not([class*='text-'])]:text-muted-foreground focus-visible:border-ring focus-visible:ring-ring/50 aria-invalid:ring-destructive/20 dark:aria-invalid:ring-destructive/40 aria-invalid:border-destructive dark:bg-input/30 dark:hover:bg-input/50 flex w-fit items-center justify-between gap-2 rounded-md border bg-transparent px-3 py-2 text-sm whitespace-nowrap shadow-xs transition-[color,box-shadow] outline-none focus-visible:ring-[3px] disabled:cursor-not-allowed disabled:opacity-50 data-[size=default]:h-9 data-[size=sm]:h-8 *:data-[slot=select-value]:line-clamp-1 *:data-[slot=select-value]:flex *:data-[slot=select-value]:items-center *:data-[slot=select-value]:gap-2 [&_svg]:pointer-events-none [&_svg]:shrink-0 [&_svg:not([class*='size-'])]:size-4 flex-1 h-9\"\u001b[39m\n          \u001b[33mdata-size\u001b[39m=\u001b[32m\"default\"\u001b[39m\n          \u001b[33mdata-slot\u001b[39m=\u001b[32m\"select-trigger\"\u001b[39m\n          \u001b[33mdata-state\u001b[39m=\u001b[32m\"closed\"\u001b[39m\n          \u001b[33mdir\u001b[39m=\u001b[32m\"ltr\"\u001b[39m\n          \u001b[33mrole\u001b[39m=\u001b[32m\"combobox\"\u001b[39m\n          \u001b[33mtype\u001b[39m=\u001b[32m\"button\"\u001b[39m\n        \u001b[36m>\u001b[39m\n          \u001b[36m<span\u001b[39m\n            \u001b[33mdata-s
[...]
p-2\"\u001b[39m\n      \u001b[36m>\u001b[39m\n        \u001b[36m<button\u001b[39m\n          \u001b[33mclass\u001b[39m=\u001b[32m\"inline-flex items-center justify-center whitespace-nowrap text-sm font-medium transition-all disabled:pointer-events-none disabled:opacity-50 [&_svg]:pointer-events-none [&_svg:not([class*='size-'])]:size-4 shrink-0 [&_svg]:shrink-0 outline-none focus-visible:border-ring focus-visible:ring-ring/50 focus-visible:ring-[3px] aria-invalid:ring-destructive/20 dark:aria-invalid:ring-destructive/40 aria-invalid:border-destructive bg-primary text-primary-foreground hover:bg-primary/90 h-8 rounded-md gap-1.5 px-3 has-[>svg]:px-2.5\"\u001b[39m\n          \u001b[33mdata-size\u001b[39m=\u001b[32m\"sm\"\u001b[39m\n          \u001b[33mdata-slot\u001b[39m=\u001b[32m\"button\"\u001b[39m\n          \u001b[33mdata-variant\u001b[39m=\u001b[32m\"default\"\u001b[39m\n        \u001b[36m>\u001b[39m\n          \u001b[36m<svg\u001b[39m\n            \u001b[33maria-hidden\u001b[39m=\u001b[32m\"true\"\u001b[39m\n            \u001b[33mclass\u001b[39m=\u001b[32m\"lucide lucide-download h-4 w-4 mr-1\"\u001b[39m\n            \u001b[33mfill\u001b[39m=\u001b[32m\"none\"\u001b[39m\n            \u001b[33mheight\u001b[39m=\u001b[32m\"24\"\u001b[39m\n            \u001b[33mstroke\u001b[39m=\u001b[32m\"currentColor\"\u001b[39m\n            \u001b[33mstroke-linecap\u001b[39m=\u001b[32m\"round\"\u001b[39m\n            \u001b[33mstroke-linejoin\u001b[39m=\u001b[32m\"round\"\u001b[39m\n            \u001b[33mstroke-width\u001b[39m=\u001b[32m\"2\"\u001b[39m\n            \u001b[33mviewBox\u001b[39m=\u001b[32m\"0 0 24 24\"\u001b[39m\n            \u001b[33mwidth\u001b[39m=\u001b[32m\"24\"\u001b[39m\n            \u001b[33mxmlns\u001b[39m=\u001b[32m\"http://www.w3.org/2000/svg\"\u001b[39m\n          \u001b[36m>\u001b[39m\n            \u001b[36m<path\u001b[39m\n              \u001b[33md\u001b[39m=\u001b[32m\"M12 15V3\"\u001b[39m\n            \u001b[36m/>\u001b[39m\n            \u001b[36m<path\u001b[39m\n              \u001b[33md\u001b[39m=\u001b[32m\"M21 15v4a2 2 0 0 1-2 2H5a2 2 0 0 1-2-2v-4\"\u001b[39m\n            \u001b[36m/>\u001b[39m\n            \u001b[36m<path\u001b[39m\n              \u001b[33md\u001b[39m=\u001b[32m\"m7 10 5 5 5-5\"\u001b[39m\n            \u001b[36m/>\u001b[39m\n          \u001b[36m</svg>\u001b[39m\n          \u001b[0mInstall\u001b[0m\n        \u001b[36m</button>\u001b[39m\n        \u001b[36m<button\u001b[39m\n          \u001b[33mclass\u001b[39m=\u001b[32m\"inline-flex items-center justify-center whitespace-nowrap text-sm font-medium transition-all disabled:pointer-events-none disabled:opacity-50 [&_svg]:pointer-events-none [&_svg:not([class*='size-'])]:size-4 shrink-0 [&_svg]:shrink-0 outline-none focus-visible:border-ring focus-visible:ring-[3px] aria-invalid:ring-destructive/20 dark:aria-invalid:ring-destructive/40 aria-invalid:border-destructive bg-destructive text-white hover:bg-destructive/90 focus-visible:ring-destructive/20 dark:focus-visible:ring-destructive/40 dark:bg-destructive/60 h-8 rounded-md gap-1.5 px-3 has-[>svg]:px-2.5\"\u001b[39m\n          \u001b[33mdata-size\u001b[39m=\u001b[32m\"sm\"\u001b[39m\n          \u001b[33mdata-slot\u001b[39m=\u001b[32m\"button\"\u001b[39m\n          \u001b[33mdata-variant\u001b[39m=\u001b[32m\"destructive\"\u001b[39m\n        \u001b[36m>\u001b[39m\n          \u001b[36m<svg\u001b[39m\n            \u001b[33maria-hidden\u001b[39m=\u001b[32m\"true\"\u001b[39m\n            \u001b[33mclass\u001b[39m=\u001b[32m\"lucide lucide-trash2 lucide-trash-2 h-4 w-4 mr-1\"\u001b[39m\n            \u001b[33mfill\u001b[39m=\u001b[32m\"none\"\u001b[39m\n            \u001b[33mheight\u001b[39m=\u001b[32m\"24\"\u001b[39m\n            \u001b[33mstroke\u001b[39m=\u001b[32m\"currentColor\"\u001b[39m\n            \u001b[33mstroke-linecap\u001b[39m=\u001b[32m\"round\"\u001b[39m\n            \u001b[33mstroke-linejoin\u001b[39m=\u001b[32m\"round\"\u001b[39m\n            \u001b[33mstroke-width\u001b[39m=\u001b[32m\"2\"\u001b[39m\n            \u001b[33mviewBox\u001b[39m=\u001b[32m\"0 0 24 24\"\u001b[39m\n            \u001b[33mwidth\u001b[39m=\u001b[32m\"24\"\u001b[39m\n            \u001b[33mxmlns\u001b[39m=\u001b[32m\"http://www.w3.org/2000/svg\"\u001b[39m\n          \u001b[36m>\u001b[39m\n            \u001b[36m<path\u001b[39m\n              \u001b[33md\u001b[39m=\u001b[32m\"M10 11v6\"\u001b[39m\n            \u001b[36m/>\u001b[39m\n            \u001b[36m<path\u001b[39m\n              \u001b[33md\u001b[39m=\u001b[32m\"M14 11v6\"\u001b[39m\n            \u001b[36m/>\u001b[39m\n            \u001b[36m<path\u001b[39m\n              \u001b[33md\u001b[39m=\u001b[32m\"M19 6v14a2 2 0 0 1-2 2H7a2 2 0 0 1-2-2V6\"\u001b[39m\n            \u001b[36m/>\u001b[39m\n            \u001b[36m<path\u001b[39m\n              \u001b[33md\u001b[39m=\u001b[32m\"M3 6h18\"\u001b[39m\n            \u001b[36m/>\u001b[39m\n            \u001b[36m<path\u001b[39m\n              \u001b[33md\u001b[39m=\u001b[32m\"M8 6V4a2 2 0 0 1 2-2h4a2 2 0 0 1 2 2v2\"\u001b[39m\n            \u001b[36m/>\u001b[39m\n          \u001b[36m</svg>\u001b[39m\n          \u001b[0mUninstall\u001b[0m\n        \u001b[36m</button>\u001b[39m\n      \u001b[36m</div>\u001b[39m\n      \u001b[36m<div\u001b[39m\n        \u001b[33mclass\u001b[39m=\u001b[32m\"h-6 w-px bg-border\"\u001b[39m\n      \u001b[36m/>\u001b[39m\n      \u001b[36m<button\u001b[39m\n        \u001b[33mclass\u001b[39m=\u001b[32m\"inline-flex items-center justify-center whitespace-nowrap text-sm font-medium transition-all disabled:pointer-events-none disabled:opacity-50 [&_svg]:pointer-events-none [&_svg:not([class*='size-'])]:size-4 shrink-0 [&_svg]:shrink-0 outline-none focus-visible:border-ring focus-visible:ring-ring/50 focus-visible:ring-[3px] aria-invalid:ring-destructive/20 dark:aria-invalid:ring-destructive/40 aria-invalid:border-destructive hover:bg-accent hover:text-accent-foreground dark:hover:bg-accent/50 h-8 rounded-md gap-1.5 px-3 has-[>svg]:px-2.5\"\u001b[39m\n        \u001b[33mdata-size\u001b[39m=\u001b[32m\"sm\"\u001b[39m\n        \u001b[33mdata-slot\u001b[39m=\u001b[32m\"button\"\u001b[39m\n...\n    at waitForWrapper (D:\\Project\\CogniaLauncher\\node_modules\\.pnpm\\@testing-library+dom@10.4.1\\node_modules\\@testing-library\\dom\\dist\\wait-for.js:163:27)\n    at Object.<anonymous> (D:\\Project\\CogniaLauncher\\components\\environments\\__tests__\\batch-operations.test.tsx:233:18)"],"fullName":"EnvironmentBatchOperations can close dialog after operation","invocations":1,"location":null,"numPassingAsserts":0,"retryReasons":[],"startAt":1770228493386,"status":"failed","title":"can close dialog after operation"},{"ancestorTitles":["EnvironmentBatchOperations"],"duration":169,"failing":false,"failureDetails":[],"failureMessages":[],"fullName":"EnvironmentBatchOperations can cancel dialog before operation starts","invocations":1,"location":null,"numPassingAsserts":2,"retryReasons":[],"startAt":1770228494601,"status":"passed","title":"can cancel dialog before operation starts"}],"endTime":1770228494801,"message":"\u001b[1m\u001b[31m  \u001b[1m● \u001b[22m\u001b[1mEnvironmentBatchOperations › can close dialog after operation\u001b[39m\u001b[22m\n\n    Found multiple elements with the text: Close\n\n    Here are the matching elements:\n\n    Ignored nodes: comments, script, style\n    \u001b[36m<button\u001b[39m\n      \u001b[33mclass\u001b[39m=\u001b[32m\"inline-flex items-center justify-center gap-2 whitespace-nowrap rounded-md text-sm font-medium transition-all disabled:pointer-events-none disabled:opacity-50 [&_svg]:pointer-events-none [&_svg:not([class*='size-'])]:size-4 shrink-0 [&_svg]:shrink-0 outline-none focus-visible:border-ring focus-visible:ring-ring/50 focus-visible:ring-[3px] aria-invalid:ring-destructive/20 dark:aria-invalid:ring-destructive/40 aria-invalid:border-destructive bg-primary text-primary-foreground hover:bg-primary/90 h-9 px-4 py-2 has-[>svg]:px-3\"\u001b[39m\n      \u001b[33mdata-size\u001b[39m=\u001b[32m\"default\"\u001b[39m\n      \u001b[33mdata-slot\u001b[39m=\u001b[32m\"button\"\u001b[39m\n      \u001b[33mdata-variant\u001b[39m=\u001b[32m\"default\"\u001b[39m\n    \u001b[36m>\u001b[39m\n      \u001b[0mClose\u001b[0m\n    \u001b[36m</button>\u001b[39m\n\n    Ignored nodes: comments, script, style\n    \u001b[36m<span\u001b[39m\n      \u001b[33mclass\u001b[39m=\u001b[32m\"sr-only\"\u001b[39m\n    \u001b[36m>\u001b[39m\n      \u001b[0mClose\u001b[0m\n    \u001b[36m</span>\u001b[39m\n\n    (If this is intentional, then use the `*AllBy*` variant of the query (like `queryAllByText`, `getAllByText`, or `findAllByText`)).\n\n    Ignored nodes: comments, script, style\n    \u001b[36m<body\u001b[39m\n      \u001b[33mdata-scroll-locked\u001b[39m=\u001b[32m\"1\"\u001b[39m\n      \u001b[33mstyle\u001b[39m=\u001b[32m\"pointer-events: none;\"\u001b[39m\n    \u001b[36m>\u001b[39m\n      \u001b[36m<span\u001b[39m\n        \u001b[33maria-hidden\u001b[39m=\u001b[32m\"true\"\u001b[39m\n        \u001b[33mdata-aria-hidden\u001b[39m=\u001b[32m\"true\"\u001b[39m\n        \u001b[33mdata-radix-focus-guard\u001b[39m=\u001b[32m\"\"\u001b[39m\n        \u001b[33mstyle\u001b[39m=\u001b[32m\"outline: none; opacity: 0; position: fixed; pointer-events: none;\"\u001b[39m\n        \u001b[33mtabindex\u001b[39m=\u001b[32m\"0\"\u001b[39m\n      \u001b[36m/>\u001b[39m\n      \u001b[36m<div\u001b[39m\n        \u001b[33maria-hidden\u001b[39m=\u001b[32m\"true\"\u001b[39m\n        \u001b[33mdata-aria-hidden\u001b[39m=\u001b[32m\"true\"\u001b[39m\n      \u001b[36m>\u001b[39m\n        \u001b[36m<div\u001b[39m\n          \u001b[33mclass\u001b[39m=\u001b[32m\"fixed bottom-4 left-1/2 -translate-x-1/2 bg-card border rounded-lg shadow-lg p-3 flex items-center gap-4 z-50\"\u001b[39m\n        \u001b[36m>\u001b[39m\n          \u001b[36m<div\u001b[39m\n            \u001b[33mclass\u001b[39m=\u001b[32m\"flex items-center gap-2\"\u001b[39m\n          \u001b[36m>\u001b[39m\n            \u001b[36m<svg\u001b[39m\n              \u001b[33maria-hidden\u001b[39m=\u001b[32m\"true\"\u001b[39m\n              \u001b[33mclass\u001b[39m=\u001b[32m\"lucide lucide-box h-4 w-4 text-muted-foreground\"\u001b[39m\n              \u001b[33mfill\u001b[39m=\u001b[32m\"none\"\u001b[39m\n              \u001b[33mheight\u001b[39m=\u001b[32m\"24\"\u001b[39m\n              \u001b[33mstroke\u001b[39m=\u001b[32m\"currentColor\"\u001b[39m\n              \u001b[33mstroke-linecap\u001b[39m=\u001b[32m\"round\"\u001b[39m\n              \u001b[33mstroke-linejoin\u001b[39m=\u001b[32m\"round\"\u001b[39m\n              \u001b[33mstroke-width\u001b[39m=\u001b[32m\"2\"\u001b[39m\n              \u001b[33mviewBox\u001b[39m=\u001b[32m\"0 0 24 24\"\u001b[39m\n              \u001b[33mwidth\u001b[39m=\u001b[32m\"24\"\u001b[39m\n              \u001b[33mxmlns\u001b[39m=\u001b[32m\"http://www.w3.org/2000/svg\"\u001b[39m\n            \u001b[36m>\u001b[39m\n              \u001b[36m<path\u001b[39m\n                \u001b[33md\u001b[39m=\u001b[32m\"M21 8a2 2 0 0 0-1-1.73l-7-4a2 2 0 0 0-2 0l-7 4A2 2 0 0 0 3 8v8a2 2 0 0 0 1 1.73l7 4a2 2 0 0 0 2 0l7-4A2 2 0 0 0 21 16Z\"\u001b[39m\n              \u001b[36m/>\u001b[39m\n              \u001b[36m<path\u001b[39m\n                \u001b[33md\u001b[39m=\u001b[32m\"m3.3 7 8.7 5 8.7-5\"\u001b[39m\n              \u001b[36m/>\u001b[39m\n              \u001b[36m<path\u001b[39m\n                \u001b[33md\u001b[39m=\u001b[32m\"M12 22V12\"\u001b[39m\n              \u001b[36m/>\u001b[39m\n            \u001b[36m</svg>\u001b[39m\n            \u001b[36m<span\u001b[39m\n              \u001b[33mclass\u001b[39m=\u001b[32m\"font-medium\"\u001b[39m\n            \u001b[36m>\u001b[39m\n              \u001b[0m2 selected\u001b[0m\n            \u001b[36m</span>\u001b[39m\n          \u001b[36m</div>\u001b[39m\n          \u001b[36m<div\u001b[39m\n            \u001b[33mclass\u001b[39m=\u001b[32m\"h-6 w-px bg-border\"\u001b[39m\n          \u001b[36m/>\u001b[39m\n          \u001b[36m<div\u001b[39m\n            \u001b[33mclass\u001b[39m=\u001b[32m\"flex items-center gap-2\"\u001b[39m\n          \u001b[36m>\u001b[39m\n            \u001b[36m<button\u001b[39m\n              \u001b[33mclass\u001b[39m=\u001b[32m\"inline-flex items-center justify-center whitespace-nowrap text-sm font-medium transition-all disabled:pointer-events-none disabled:opacity-50 [&_svg]:pointer-events-none [&_svg:not([class*='size-'])]:size-4 shrink-0 [&_svg]:shrink-0 outline-none focus-visible:border-ring focus-visible:ring-ring/50 focus-visible:ring-[3px] aria-invalid:ring-destructive/20 dark:aria-invalid:ring-destructive/40 aria-invalid:border-destructive bg-primary text-primary-foreground hover:bg-primary/90 h-8 rounded-md gap-1.5 px-3 has-[>svg]:px-2.5\"\u001b[39m\n              \u001b[33mdata-size\u001b[39m=\u001b[32m\"sm\"\u001b[39m\n              \u001b[33mdata-slot\u001b[39m=\u001b[32m\"button\"\u001b[39m\n              \u001b[33mdata-variant\u001b[39m=\u001b[32m\"default\"\u001b[39m\n            \u001b[36m>\u001b[39m\n              \u001b[36m<svg\u001b[39m\n                \u001b[33maria-hidden\u001b[39m=\u001b[32m\"true\"\u001b[39m\n                \u001b[33mclass\u001b[39m=\u001b[32m\"lucide lucide-download h-4 w-4 mr-1\"\u001b[39m\n                \u001b[33mfill\u001b[39m=\u001b[32m\"none\"\u001b[39m\n                \u001b[33mheight\u001b[39m=\u001b[32m\"24\"\u001b[39m\n                \u001b[33mstroke\u001b[39m=\u001b[32m\"currentColor\"\u001b[39m\n                \u001b[33mstroke-linecap\u001b[39m=\u001b[32m\"round\"\u001b[39m\n                \u001b[33mstroke-linejoin\u001b[39m=\u001b[32m\"round\"\u001b[39m\n                \u001b[33mstroke-width\u001b[39m=\u001b[32m\"2\"\u001b[39m\n                \u001b[33mviewBox\u001b[39m=\u001b[32m\"0 0 24 24\"\u001b[39m\n                \u001b[33mwidth\u001b[39m=\u001b[32m\"24\"\u001b[39m\n                \u001b[33mxmlns\u001b[39m=\u001b[32m\"http://www.w3.org/2000/svg\"\u001b[39m\n              \u001b[36m>\u001b[39m\n                \u001b[36m<path\u001b[39m\n                  \u001b[33md\u001b[39m=\u001b[32m\"M12 15V3\"\u001b[39m\n                \u001b[36m/>\u001b[39m\n                \u001b[36m<path\u001b[39m\n                  \u001b[33md\u001b[39m=\u001b[32m\"M21 15v4a2 2 0 0 1-2 2H5a2 2 0 0 1-2-2v-4\"\u001b[39m\n                \u001b[36m/>\u001b[39m\n                \u001b[36m<path\u001b[39m\n                  \u001b[33md\u001b[39m=\u001b[32m\"m7 10 5 5 5-5\"\u001b[39m\n                \u001b[36m/>\u001b[39m\n              \u001b[36m</svg>\u001b[39m\n              \u001b[0mInstall\u001b[0m\n            \u001b[36m</button>\u001b[39m\n            \u001b[36m<button\u001b[39m\n              \u001b[33mclass\u001b[39m=\u001b[32m\"inline-flex items-center justify-center whitespace-nowrap text-sm font-medium transition-all disabled:pointer-events-none disabled:opacity-50 [&_svg]:pointer-events-none [&_svg:not([class*='size-'])]:size-4 shrink-0 [&_svg]:shrink-0 outline-none focus-visible:border-ring focus-visible:ring-[3px] aria-invalid:ring-destructive/20 dark:aria-invalid:ring-destructive/40 aria-invalid:border-destructive bg-destructive text-white hover:bg-destructive/90 focus-visible:ring-destructive/20 dark:focus-visible:ring-destructive/40 dark:bg-destructive/60 h-8 rounded-md gap-1.5 px-3 has-[>svg]:px-2.5\"\u001b[39m\n              \u001b[33mdata-size\u001b[39m=\u001b[32m\"sm\"\u001b[39m\n              \u001b[33mdata-slot\u001b[39m=\u001b[32m\"button\"\u001b[39m\n              \u001b[33mdata-variant\u001b[39m=\u001b[32m\"destructive\"\u001b[39m\n            \u001b[36m>\u001b[39m\n              \u001b[36m<svg\u001b[39m\n                \u001b[33maria-hidden\u001b[39m=\u001b[32m\"true\"\u001b[39m\n                \u001b[33mclass\u001b[39m=\u001b[32m\"lucide lucide-trash2 lucide-trash-2 h-4 w-4 mr-1\"\u001b[39m\n                \u001b[33mfill\u001b[39m=\u001b[32m\"none\"\u001b[39m\n                \u001b[33mheight\u001b[39m=\u001b[32m\"24\"\u001b[39m\n                \u001b[33mstroke\u001b[39m=\u001b[32m\"currentColor\"\u001b[39m\n                \u001b[33mstroke-linecap\u001b[39m=\u001b[32m\"round\"\u001b[39m\n                \u001b[33mstroke-linejoin\u001b[39m=\u001b[32m\"round\"\u001b[39m\n                \u001b[33mstroke-width\u001b[39m=\u001b[32m\"2\"\u001b[39m\n                \u001b[33mviewBox\u001b[39m=\u001b[32m\"0 0 24 24\"\u001b[39m\n                \u001b[33mwidth\u001b[39m=\u001b[32m\"24\"\u001b[39m\n                \u001b[33mxmlns\u001b[39m=\u001b[32m\"http://www.w3.org/2000/svg\"\u001b[39m\n              \u001b[36m>\u001b[39m\n                \u001b[36m<path\u001b[39m\n                  \u001b[33md\u001b[39m=\u001b[32m\"M10 11v6\"\u001b[39m\n                \u001b[36m/>\u001b[39m\n                \u001b[36m<path\u001b[39m\n                  \u001b[33md\u001b[39m=\u001b[32m\"M14 11v6\"\u001b[39m\n                \u001b[36m/>\u001b[39m\n                \u001b[36m<path\u001b[39m\n                  \u001b[33md\u001b[39m=\u001b[32m\"M19 6v14a2 2 0 0 1-2 2H7a2 2 0 0 1-2-2V6\"\u001b[39m\n                \u001b[36m/>\u001b[39m\n                \u001b[36m<path\u001b[39m\n                  \u001b[33md\u001b[39m=\u001b[32m\"M3 6h18\"\u001b[39m\n                \u001b[36m/>\u001b[39m\n                \u001b[36m<path\u001b[39m\n                  \u001b[33md\u001b[39m=\u001b[32m\"M8 6V4a2 2 0 0 1 2-2h4a2 2 0 0 1 2 2v2\"\u001b[39m\n                \u001b[36m/>\u001b[39m\n              \u001b[36m</svg>\u001b[39m\n              \u001b[0mUninstall\u001b[0m\n            \u001b[36m</button>\u001b[39m\n          \u001b[36m</div>\u001b[39m\n          \u001b[36m<div\u001b[39m\n            \u001b[33mclass\u001b[39m=\u001b[32m\"h-6 w-px bg-border\"\u001b[39m\n          \u001b[36m/>\u001b[39m\n          \u001b[36m<button\u001b[39m\n            \u001b[33mclass\u001b[39m=\u001b[32m\"inline-flex items-center justify-center whitespace-nowrap text-sm font-medium transition-all disabled:pointer-events-none disabled:opacity-50 [&_svg]:pointer-events-none [&_svg:not([class*='size-'])]:size-4 shrink-0 [&_svg]:shrink-0 outline-none focus-visible:border-ring focus-visible:ring-ring/50 focus-visible:ring-[3px] aria-invalid:ring-destructive/20 dark:aria-invalid:ring-destructive/40 aria-invalid:border-destructive hover:bg-accent hover:text-accent-foreground dark:hover:bg-accent/50 h-8 rounded-md gap-1.5 px-3 has-[>svg]:px-2.5\"\u001b[39m\n            \u001b[33mdata-size\u001b[39m=\u001b[32m\"sm\"\u001b[39m\n            \u001b[33mdata-slot\u001b[39m=\u001b[32m\"button\"\u001b[39m\n    ...\n\u001b[2m\u001b[22m\n\u001b[2m    \u001b[0m \u001b[90m 231 |\u001b[39m     \u001b[36mawait\u001b[39m user\u001b[33m.\u001b[39mclick(dialogInstallButton)\u001b[33m;\u001b[39m\u001b[22m\n\u001b[2m     \u001b[90m 232 |\u001b[39m     \u001b[22m\n\u001b[2m    \u001b[31m\u001b[1m>\u001b[22m\u001b[2m\u001b[39m\u001b[90m 233 |\u001b[39m     \u001b[36mawait\u001b[39m waitFor(() \u001b[33m=>\u001b[39m {\u001b[22m\n\u001b[2m     \u001b[90m     |\u001b[39m                  \u001b[31m\u001b[1m^\u001b[22m\u001b[2m\u001b[39m\u001b[22m\n\u001b[2m     \u001b[90m 234 |\u001b[39m       expect(screen\u001b[33m.\u001b[39mgetByText(\u001b[32m'Close'\u001b[39m))\u001b[33m.\u001b[39mtoBeInTheDocument()\u001b[33m;\u001b[39m\u001b[22m\n\u001b[2m     \u001b[90m 235 |\u001b[39m     })\u001b[33m;\u001b[39m\u001b[22m\n\u001b[2m     \u001b[90m 236 |\u001b[39m     \u001b[0m\u001b[22m\n\u001b[2m\u001b[22m\n\u001b[2m      \u001b[2mat waitForWrapper (\u001b[22m\u001b[2mnode_modules/.pnpm/@testing-library+dom@10.4.1/node_modules/@testing-library/dom/dist/wait-for.js\u001b[2m:163:27)\u001b[22m\u001b[2m\u001b[22m\n\u001b[2m      \u001b[2mat Object.<anonymous> (\u001b[22m\u001b[2m\u001b[0m\u001b[36mcomponents/environments/__tests__/batch-operations.test.tsx\u001b[39m\u001b[0m\u001b[2m:233:18)\u001b[22m\u001b[2m\u001b[22m\n","name":"D:\\Project\\CogniaLauncher\\components\\environments\\__tests__\\batch-operations.test.tsx","startTime":1770228488610,"status":"failed","summary":""}],"wasInterrupted":false}
